#
# A fatal error has been detected by the Java Runtime Environment:
#
#  SIGSEGV (0xb) at pc=0xb49f4e97, pid=4815, tid=3078138736
#
# JRE version: 6.0_20-b20
# Java VM: OpenJDK Server VM (19.0-b09 mixed mode linux-x86 )
# Derivative: IcedTea6 1.9.13
# Distribution: Ubuntu 10.10, package 6b20-1.9.13-0ubuntu1~10.10.1
# Problematic frame:
# J  java.beans.Introspector.getTargetPropertyInfo()[Ljava/beans/PropertyDescriptor;
#
# If you would like to submit a bug report, please include
# instructions how to reproduce the bug and visit:
#   https://bugs.launchpad.net/ubuntu/+source/openjdk-6/
#

---------------  T H R E A D  ---------------

Current thread (0x0985e800):  JavaThread "main" [_thread_in_Java, id=4834, stack(0xb773a000,0xb778b000)]

siginfo:si_signo=SIGSEGV: si_errno=0, si_code=128 (), si_addr=0x00000000

Registers:
EAX=0x00000001, EBX=0x7513d604, ECX=0xa52d8ab8, EDX=0xa6594598
ESP=0xb777c620, EBP=0xa52d8ab8, ESI=0xb49f4e9c, EDI=0x00000000
EIP=0xb49f4e97, CR2=0xb77a0d00, EFLAGS=0x00210293

Register to memory mapping:

EAX=0x00000001
0x00000001 is pointing to unknown location

EBX=0x7513d604
[Ljava.beans.PropertyDescriptor; 
 - klass: 'java/beans/PropertyDescriptor'[]
 - length: 9

ECX=0xa52d8ab8

[error occurred during error reporting (printing registers, top of stack, instructions near pc), id 0xe0000000]

Stack: [0xb773a000,0xb778b000],  sp=0xb777c620,  free space=265k
Native frames: (J=compiled Java code, j=interpreted, Vv=VM code, C=native code)
J  java.beans.Introspector.getTargetPropertyInfo()[Ljava/beans/PropertyDescriptor;


---------------  P R O C E S S  ---------------

Java Threads: ( => current thread )
  0x33300c00 JavaThread "Low Memory Detector" daemon [_thread_blocked, id=4845, stack(0x3342e000,0x3347f000)]
  0x09923400 JavaThread "CompilerThread1" daemon [_thread_in_native, id=4844, stack(0x3347f000,0x33500000)]
  0x09920c00 JavaThread "CompilerThread0" daemon [_thread_in_native, id=4843, stack(0x33636000,0x336b7000)]
  0x0991f400 JavaThread "Signal Dispatcher" daemon [_thread_blocked, id=4842, stack(0x336b7000,0x33708000)]
  0x0990fc00 JavaThread "Finalizer" daemon [_thread_blocked, id=4841, stack(0x33a28000,0x33a79000)]
  0x0990b400 JavaThread "Reference Handler" daemon [_thread_blocked, id=4840, stack(0x33a79000,0x33aca000)]
=>0x0985e800 JavaThread "main" [_thread_in_Java, id=4834, stack(0xb773a000,0xb778b000)]

Other Threads:
  0x09907400 VMThread [stack: 0x33aca000,0x33b4b000] [id=4839]
  0x33302c00 WatcherThread [stack: 0x3327f000,0x33300000] [id=4846]

VM state:not at safepoint (normal execution)

VM Mutex/Monitor currently owned by a thread: None

Heap
 PSYoungGen      total 118336K, used 105499K [0x9f120000, 0xa6d00000, 0xb4670000)
  eden space 110592K, 91% used [0x9f120000,0xa541d658,0xa5d20000)
  from space 7744K, 53% used [0xa6570000,0xa6979720,0xa6d00000)
  to   space 8128K, 0% used [0xa5d20000,0xa5d20000,0xa6510000)
 PSOldGen        total 36928K, used 12695K [0x74670000, 0x76a80000, 0x9f120000)
  object space 36928K, 34% used [0x74670000,0x752d5e18,0x76a80000)
 PSPermGen       total 20480K, used 20383K [0x34670000, 0x35a70000, 0x74670000)
  object space 20480K, 99% used [0x34670000,0x35a57fd0,0x35a70000)

Dynamic libraries:
00110000-00116000 r-xp 00000000 08:05 1183936    /usr/lib/jvm/java-6-openjdk/jre/lib/i386/native_threads/libhpi.so
00116000-00117000 r--p 00005000 08:05 1183936    /usr/lib/jvm/java-6-openjdk/jre/lib/i386/native_threads/libhpi.so
00117000-00118000 rw-p 00006000 08:05 1183936    /usr/lib/jvm/java-6-openjdk/jre/lib/i386/native_threads/libhpi.so
001e9000-00205000 r-xp 00000000 08:05 2634951    /lib/ld-2.12.1.so
00205000-00206000 r--p 0001b000 08:05 2634951    /lib/ld-2.12.1.so
00206000-00207000 rw-p 0001c000 08:05 2634951    /lib/ld-2.12.1.so
003f6000-003ff000 r-xp 00000000 08:05 2634960    /lib/libnss_nis-2.12.1.so
003ff000-00400000 r--p 00008000 08:05 2634960    /lib/libnss_nis-2.12.1.so
00400000-00401000 rw-p 00009000 08:05 2634960    /lib/libnss_nis-2.12.1.so
0046c000-00473000 r-xp 00000000 08:05 2634958    /lib/librt-2.12.1.so
00473000-00474000 r--p 00006000 08:05 2634958    /lib/librt-2.12.1.so
00474000-00475000 rw-p 00007000 08:05 2634958    /lib/librt-2.12.1.so
004aa000-004b5000 r-xp 00000000 08:05 1183943    /usr/lib/jvm/java-6-openjdk/jre/lib/i386/libverify.so
004b5000-004b6000 ---p 0000b000 08:05 1183943    /usr/lib/jvm/java-6-openjdk/jre/lib/i386/libverify.so
004b6000-004b7000 r--p 0000b000 08:05 1183943    /usr/lib/jvm/java-6-openjdk/jre/lib/i386/libverify.so
004b7000-004b8000 rw-p 0000c000 08:05 1183943    /usr/lib/jvm/java-6-openjdk/jre/lib/i386/libverify.so
004ca000-004d0000 r-xp 00000000 08:05 1183925    /usr/lib/jvm/java-6-openjdk/jre/lib/i386/libzip.so
004d0000-004d1000 r--p 00005000 08:05 1183925    /usr/lib/jvm/java-6-openjdk/jre/lib/i386/libzip.so
004d1000-004d2000 rw-p 00006000 08:05 1183925    /usr/lib/jvm/java-6-openjdk/jre/lib/i386/libzip.so
005e0000-005f3000 r-xp 00000000 08:05 2634962    /lib/libnsl-2.12.1.so
005f3000-005f4000 r--p 00012000 08:05 2634962    /lib/libnsl-2.12.1.so
005f4000-005f5000 rw-p 00013000 08:05 2634962    /lib/libnsl-2.12.1.so
005f5000-005f7000 rw-p 00000000 00:00 0 
0060a000-0061e000 r-xp 00000000 08:05 1183951    /usr/lib/jvm/java-6-openjdk/jre/lib/i386/libnet.so
0061e000-0061f000 r--p 00013000 08:05 1183951    /usr/lib/jvm/java-6-openjdk/jre/lib/i386/libnet.so
0061f000-00620000 rw-p 00014000 08:05 1183951    /usr/lib/jvm/java-6-openjdk/jre/lib/i386/libnet.so
00684000-00687000 r-xp 00000000 08:05 1183928    /usr/lib/jvm/java-6-openjdk/jre/lib/i386/jli/libjli.so
00687000-00688000 r--p 00002000 08:05 1183928    /usr/lib/jvm/java-6-openjdk/jre/lib/i386/jli/libjli.so
00688000-00689000 rw-p 00003000 08:05 1183928    /usr/lib/jvm/java-6-openjdk/jre/lib/i386/jli/libjli.so
00707000-00729000 r-xp 00000000 08:05 1183920    /usr/lib/jvm/java-6-openjdk/jre/lib/i386/libjava.so
00729000-0072a000 r--p 00021000 08:05 1183920    /usr/lib/jvm/java-6-openjdk/jre/lib/i386/libjava.so
0072a000-0072c000 rw-p 00022000 08:05 1183920    /usr/lib/jvm/java-6-openjdk/jre/lib/i386/libjava.so
00765000-0076b000 r-xp 00000000 08:05 2634966    /lib/libnss_compat-2.12.1.so
0076b000-0076c000 r--p 00006000 08:05 2634966    /lib/libnss_compat-2.12.1.so
0076c000-0076d000 rw-p 00007000 08:05 2634966    /lib/libnss_compat-2.12.1.so
00819000-0081b000 r-xp 00000000 08:05 2634956    /lib/libdl-2.12.1.so
0081b000-0081c000 r--p 00001000 08:05 2634956    /lib/libdl-2.12.1.so
0081c000-0081d000 rw-p 00002000 08:05 2634956    /lib/libdl-2.12.1.so
0085b000-0087f000 r-xp 00000000 08:05 2634965    /lib/libm-2.12.1.so
0087f000-00880000 r--p 00023000 08:05 2634965    /lib/libm-2.12.1.so
00880000-00881000 rw-p 00024000 08:05 2634965    /lib/libm-2.12.1.so
009cc000-00b23000 r-xp 00000000 08:05 2634967    /lib/libc-2.12.1.so
00b23000-00b25000 r--p 00157000 08:05 2634967    /lib/libc-2.12.1.so
00b25000-00b26000 rw-p 00159000 08:05 2634967    /lib/libc-2.12.1.so
00b26000-00b29000 rw-p 00000000 00:00 0 
00d44000-00d45000 r-xp 00000000 00:00 0          [vdso]
00d99000-00dae000 r-xp 00000000 08:05 2634968    /lib/libpthread-2.12.1.so
00dae000-00daf000 ---p 00015000 08:05 2634968    /lib/libpthread-2.12.1.so
00daf000-00db0000 r--p 00015000 08:05 2634968    /lib/libpthread-2.12.1.so
00db0000-00db1000 rw-p 00016000 08:05 2634968    /lib/libpthread-2.12.1.so
00db1000-00db3000 rw-p 00000000 00:00 0 
00f4a000-00f54000 r-xp 00000000 08:05 2634954    /lib/libnss_files-2.12.1.so
00f54000-00f55000 r--p 00009000 08:05 2634954    /lib/libnss_files-2.12.1.so
00f55000-00f56000 rw-p 0000a000 08:05 2634954    /lib/libnss_files-2.12.1.so
00fcf000-00fe2000 r-xp 00000000 08:05 2621634    /lib/libz.so.1.2.3.4
00fe2000-00fe3000 r--p 00012000 08:05 2621634    /lib/libz.so.1.2.3.4
00fe3000-00fe4000 rw-p 00013000 08:05 2621634    /lib/libz.so.1.2.3.4
00fe4000-016a9000 r-xp 00000000 08:05 1183935    /usr/lib/jvm/java-6-openjdk/jre/lib/i386/server/libjvm.so
016a9000-016ee000 r--p 006c4000 08:05 1183935    /usr/lib/jvm/java-6-openjdk/jre/lib/i386/server/libjvm.so
016ee000-016fd000 rw-p 00709000 08:05 1183935    /usr/lib/jvm/java-6-openjdk/jre/lib/i386/server/libjvm.so
016fd000-01b1c000 rw-p 00000000 00:00 0 
08048000-08051000 r-xp 00000000 08:05 1183894    /usr/lib/jvm/java-6-openjdk/jre/bin/java
08051000-08052000 r--p 00008000 08:05 1183894    /usr/lib/jvm/java-6-openjdk/jre/bin/java
08052000-08053000 rw-p 00009000 08:05 1183894    /usr/lib/jvm/java-6-openjdk/jre/bin/java
09858000-0adc5000 rw-p 00000000 00:00 0          [heap]
30c00000-30cff000 rw-p 00000000 00:00 0 
30cff000-30d00000 ---p 00000000 00:00 0 
30d00000-30da7000 rw-p 00000000 00:00 0 
30da7000-30e00000 ---p 00000000 00:00 0 
30e00000-30efb000 rw-p 00000000 00:00 0 
30efb000-30f00000 ---p 00000000 00:00 0 
31000000-310f7000 rw-p 00000000 00:00 0 
310f7000-31100000 ---p 00000000 00:00 0 
31100000-311f9000 rw-p 00000000 00:00 0 
311f9000-31200000 ---p 00000000 00:00 0 
31300000-313ef000 rw-p 00000000 00:00 0 
313ef000-31400000 ---p 00000000 00:00 0 
31400000-314f7000 rw-p 00000000 00:00 0 
314f7000-31500000 ---p 00000000 00:00 0 
31500000-315fc000 rw-p 00000000 00:00 0 
315fc000-31600000 ---p 00000000 00:00 0 
31600000-316f9000 rw-p 00000000 00:00 0 
316f9000-31700000 ---p 00000000 00:00 0 
31700000-317f6000 rw-p 00000000 00:00 0 
317f6000-31800000 ---p 00000000 00:00 0 
31800000-318fb000 rw-p 00000000 00:00 0 
318fb000-31900000 ---p 00000000 00:00 0 
31900000-319fe000 rw-p 00000000 00:00 0 
319fe000-31a00000 ---p 00000000 00:00 0 
31a00000-31b00000 rw-p 00000000 00:00 0 
31be4000-31be5000 r--p 00000000 00:00 0 
31be5000-31c00000 r--s 001d5000 08:05 8520738    /home/adelatorre/.grails/1.3.7/projects/tesis-unsl/plugins/tomcat-1.3.7/lib/tomcat-core.jar
31c00000-31d00000 rw-p 00000000 00:00 0 
31d00000-31d01000 r--s 00005000 08:05 8520724    /home/adelatorre/.grails/1.3.7/projects/tesis-unsl/plugins/tomcat-1.3.7/lib/tomcat-juli-adapters.jar
31d01000-31d0d000 r--s 00149000 08:05 8520740    /home/adelatorre/.grails/1.3.7/projects/tesis-unsl/plugins/tomcat-1.3.7/lib/jasper-jdt.jar
31d0d000-31d18000 r--s 0009e000 08:05 8520736    /home/adelatorre/.grails/1.3.7/projects/tesis-unsl/plugins/tomcat-1.3.7/lib/tomcat-jasper.jar
31d18000-31d19000 r--s 0000b000 08:05 8520750    /home/adelatorre/.grails/1.3.7/projects/tesis-unsl/plugins/tomcat-1.3.7/lib/catalina-ant.jar
31d19000-31d1d000 r--s 0002d000 08:05 8520725    /home/adelatorre/.grails/1.3.7/projects/tesis-unsl/plugins/tomcat-1.3.7/lib/tomcat-dbcp.jar
31d1d000-31d1e000 r--s 00000000 08:05 8520748    /home/adelatorre/.grails/1.3.7/projects/tesis-unsl/plugins/tomcat-1.3.7/lib/grails-tomcat-plugin-1.0.jar
31d1e000-31d20000 r--s 0000d000 08:05 8520719    /home/adelatorre/.grails/1.3.7/projects/tesis-unsl/plugins/tomcat-1.3.7/lib/tomcat-juli.jar
31d20000-31d26000 r--s 0006d000 08:05 8917488    /home/adelatorre/.ivy2/cache/org.grails/grails-test/jars/grails-test-1.3.7.jar
31d26000-31d2c000 r--s 00034000 08:05 8917395    /home/adelatorre/.ivy2/cache/junit/junit/jars/junit-4.8.1.jar
31d2c000-31d2d000 r--s 00001000 08:05 8917412    /home/adelatorre/.ivy2/cache/org.hibernate/hibernate-ehcache/jars/hibernate-ehcache-3.3.1.GA.jar
31d2d000-31d32000 r--s 00048000 08:05 9044117    /home/adelatorre/.ivy2/cache/dom4j/dom4j/jars/dom4j-1.6.1.jar
31d32000-31d38000 r--s 00067000 08:05 9044119    /home/adelatorre/.ivy2/cache/antlr/antlr/jars/antlr-2.7.6.jar
31d38000-31d40000 r--s 0008e000 08:05 9044120    /home/adelatorre/.ivy2/cache/javassist/javassist/jars/javassist-3.11.0.GA.jar
31d40000-31d43000 r--s 0000d000 08:05 8917411    /home/adelatorre/.ivy2/cache/org.hibernate/hibernate-validator/jars/hibernate-validator-3.1.0.GA.jar
31d43000-31d45000 r--s 00005000 08:05 8917396    /home/adelatorre/.ivy2/cache/xpp3/xpp3_min/jars/xpp3_min-1.1.3.4.O.jar
31d45000-31d4e000 r--s 00058000 08:05 8917397    /home/adelatorre/.ivy2/cache/apache-taglibs/standard/jars/standard-1.1.2.jar
31d4e000-31d50000 r--s 00000000 08:05 9044147    /home/adelatorre/.ivy2/cache/org.slf4j/jul-to-slf4j/jars/jul-to-slf4j-1.5.8.jar
31d50000-31d52000 r--s 00003000 08:05 9044148    /home/adelatorre/.ivy2/cache/org.slf4j/jcl-over-slf4j/jars/jcl-over-slf4j-1.5.8.jar
31d52000-31d5b000 r--s 0006d000 08:05 8917399    /home/adelatorre/.ivy2/cache/log4j/log4j/jars/log4j-1.2.16.jar
31d5b000-31d61000 r--s 0003d000 08:05 8917400    /home/adelatorre/.ivy2/cache/net.sf.ehcache/ehcache-core/jars/ehcache-core-1.7.1.jar
31d61000-31d6a000 r--s 000a4000 08:05 8917401    /home/adelatorre/.ivy2/cache/hsqldb/hsqldb/jars/hsqldb-1.8.0.10.jar
31d6a000-31d6d000 r--s 00016000 08:05 8917404    /home/adelatorre/.ivy2/cache/commons-pool/commons-pool/jars/commons-pool-1.5.5.jar
31d6d000-31d70000 r--s 00022000 08:05 8917405    /home/adelatorre/.ivy2/cache/commons-dbcp/commons-dbcp/jars/commons-dbcp-1.3.jar
31d70000-31d72000 r--s 00004000 08:05 8917435    /home/adelatorre/.ivy2/cache/javax.servlet/jstl/jars/jstl-1.1.2.jar
31d72000-31d74000 r--s 0000e000 08:05 8917407    /home/adelatorre/.ivy2/cache/oro/oro/jars/oro-2.0.8.jar
31d74000-31d77000 r--s 0000c000 08:05 8917408    /home/adelatorre/.ivy2/cache/commons-fileupload/commons-fileupload/jars/commons-fileupload-1.2.1.jar
31d77000-31d7e000 r--s 00049000 08:05 8917409    /home/adelatorre/.ivy2/cache/cglib/cglib-nodep/jars/cglib-nodep-2.1_3.jar
31d7e000-31d83000 r--s 00018000 08:05 9044145    /home/adelatorre/.ivy2/cache/org.aspectj/aspectjrt/jars/aspectjrt-1.6.8.jar
31d83000-31d99000 r--s 00178000 08:05 9044146    /home/adelatorre/.ivy2/cache/org.aspectj/aspectjweaver/jars/aspectjweaver-1.6.8.jar
31d99000-31d9e000 r--s 00040000 08:05 8917413    /home/adelatorre/.ivy2/cache/org.hibernate/hibernate-annotations/jars/hibernate-annotations-3.4.0.GA.jar
31d9e000-31da1000 r--s 0000e000 08:05 8917414    /home/adelatorre/.ivy2/cache/org.hibernate/hibernate-commons-annotations/jars/hibernate-commons-annotations-3.1.0.GA.jar
31da1000-31dcd000 r--s 00278000 08:05 8917415    /home/adelatorre/.ivy2/cache/org.hibernate/hibernate-core/jars/hibernate-core-3.3.1.GA.jar
31dcd000-31dd6000 r--s 0005e000 08:05 8917444    /home/adelatorre/.ivy2/cache/org.springframework/org.springframework.web.servlet/jars/org.springframework.web.servlet-3.0.5.RELEASE.jar
31dd6000-31de0000 r--s 00057000 08:05 8917446    /home/adelatorre/.ivy2/cache/org.springframework/org.springframework.web/jars/org.springframework.web-3.0.5.RELEASE.jar
31de0000-31de7000 r--s 00032000 08:05 8917448    /home/adelatorre/.ivy2/cache/org.springframework/org.springframework.transaction/jars/org.springframework.transaction-3.0.5.RELEASE.jar
31de7000-31de9000 r--s 0000d000 08:05 8917450    /home/adelatorre/.ivy2/cache/org.springframework/org.springframework.oxm/jars/org.springframework.oxm-3.0.5.RELEASE.jar
31de9000-31df1000 r--s 0004a000 08:05 8917452    /home/adelatorre/.ivy2/cache/org.springframework/org.springframework.orm/jars/org.springframework.orm-3.0.5.RELEASE.jar
31df1000-31df6000 r--s 00029000 08:05 8917454    /home/adelatorre/.ivy2/cache/org.springframework/org.springframework.jms/jars/org.springframework.jms-3.0.5.RELEASE.jar
31df6000-31e00000 r--s 00055000 08:05 8917456    /home/adelatorre/.ivy2/cache/org.springframework/org.springframework.jdbc/jars/org.springframework.jdbc-3.0.5.RELEASE.jar
31e00000-31efc000 rw-p 00000000 00:00 0 
31efc000-31f00000 ---p 00000000 00:00 0 
31f00000-31f12000 r--s 00092000 08:05 8917464    /home/adelatorre/.ivy2/cache/org.springframework/org.springframework.context/jars/org.springframework.context-3.0.5.RELEASE.jar
31f12000-31f1e000 r--s 0007c000 08:05 8917466    /home/adelatorre/.ivy2/cache/org.springframework/org.springframework.beans/jars/org.springframework.beans-3.0.5.RELEASE.jar
31f1e000-31f1f000 r--s 0000c000 08:05 8917468    /home/adelatorre/.ivy2/cache/org.springframework/org.springframework.asm/jars/org.springframework.asm-3.0.5.RELEASE.jar
31f1f000-31f21000 r--s 00007000 08:05 8917470    /home/adelatorre/.ivy2/cache/org.springframework/org.springframework.aspects/jars/org.springframework.aspects-3.0.5.RELEASE.jar
31f21000-31f2a000 r--s 00046000 08:05 8917472    /home/adelatorre/.ivy2/cache/org.springframework/org.springframework.aop/jars/org.springframework.aop-3.0.5.RELEASE.jar
31f2a000-31f33000 r--s 00055000 08:05 8917474    /home/adelatorre/.ivy2/cache/org.springframework/org.springframework.core/jars/org.springframework.core-3.0.5.RELEASE.jar
31f33000-31f35000 r--s 0000d000 08:05 8917490    /home/adelatorre/.ivy2/cache/org.grails/grails-spring/jars/grails-spring-1.3.7.jar
31f35000-31f40000 r--s 0008a000 08:05 8917492    /home/adelatorre/.ivy2/cache/org.grails/grails-gorm/jars/grails-gorm-1.3.7.jar
31f40000-31f42000 r--s 0000d000 08:05 8917494    /home/adelatorre/.ivy2/cache/org.grails/grails-crud/jars/grails-crud-1.3.7.jar
31f42000-31f48000 r--s 00027000 08:05 8917410    /home/adelatorre/.ivy2/cache/opensymphony/sitemesh/jars/sitemesh-2.4.jar
31f48000-31f4b000 r--s 0000a000 08:05 8917416    /home/adelatorre/.ivy2/cache/org.hibernate/ejb3-persistence/jars/ejb3-persistence-1.0.2.GA.jar
31f4b000-31f4d000 r--s 00002000 08:05 8917417    /home/adelatorre/.ivy2/cache/javax.transaction/jta/jars/jta-1.1.jar
31f4d000-31f51000 r--s 0003c000 08:05 8917419    /home/adelatorre/.ivy2/cache/commons-lang/commons-lang/jars/commons-lang-2.4.jar
31f51000-31f54000 r--s 00018000 08:05 8917422    /home/adelatorre/.ivy2/cache/commons-io/commons-io/jars/commons-io-1.4.jar
31f54000-31f62000 r--s 0007f000 08:05 8917423    /home/adelatorre/.ivy2/cache/commons-collections/commons-collections/jars/commons-collections-3.2.1.jar
31f62000-31f64000 r--s 0000d000 08:05 8917425    /home/adelatorre/.ivy2/cache/commons-codec/commons-codec/jars/commons-codec-1.4.jar
31f64000-31f66000 r--s 00000000 08:05 8917427    /home/adelatorre/.ivy2/cache/aopalliance/aopalliance/jars/aopalliance-1.0.jar
31f66000-31f69000 r--s 0001f000 08:05 8917428    /home/adelatorre/.ivy2/cache/commons-validator/commons-validator/jars/commons-validator-1.3.1.jar
31f69000-31f6c000 r--s 00019000 08:05 8917429    /home/adelatorre/.ivy2/cache/commons-el/commons-el/jars/commons-el-1.0.jar
31f6c000-31f71000 r--s 00034000 08:05 8917430    /home/adelatorre/.ivy2/cache/commons-beanutils/commons-beanutils/jars/commons-beanutils-1.8.0.jar
31f71000-31fc5000 r--s 00516000 08:05 8917433    /home/adelatorre/.ivy2/cache/org.codehaus.groovy/groovy-all/jars/groovy-all-1.7.8.jar
31fc5000-31fc8000 r--s 00016000 08:05 8917436    /home/adelatorre/.ivy2/cache/javax.servlet/jsp-api/jars/jsp-api-2.1.jar
31fc8000-31fcb000 r--s 0001e000 08:05 8917437    /home/adelatorre/.ivy2/cache/javax.servlet/servlet-api/jars/servlet-api-2.5.jar
31fcb000-31fcd000 r--s 00008000 08:05 8917438    /home/adelatorre/.ivy2/cache/com.googlecode.concurrentlinkedhashmap/concurrentlinkedhashmap-lru/jars/concurrentlinkedhashmap-lru-1.0_jdk5.jar
31fcd000-31fd3000 r--s 0002d000 08:05 8917476    /home/adelatorre/.ivy2/cache/org.springframework/org.springframework.test/jars/org.springframework.test-3.0.5.RELEASE.jar
31fd3000-31fd4000 r--s 00002000 08:05 9044149    /home/adelatorre/.ivy2/cache/org.slf4j/slf4j-log4j12/jars/slf4j-log4j12-1.5.8.jar
31fd4000-31fd5000 r--s 00005000 08:05 9044150    /home/adelatorre/.ivy2/cache/org.slf4j/slf4j-api/jars/slf4j-api-1.5.8.jar
31fd5000-31fef000 r--s 001a7000 08:05 8917496    /home/adelatorre/.ivy2/cache/org.grails/grails-web/jars/grails-web-1.3.7.jar
31fef000-31ff1000 r--s 00031000 08:05 8917498    /home/adelatorre/.ivy2/cache/org.grails/grails-resources/jars/grails-resources-1.3.7.jar
31ff1000-32000000 r--s 000c8000 08:05 8917500    /home/adelatorre/.ivy2/cache/org.grails/grails-core/jars/grails-core-1.3.7.jar
32000000-320d9000 rw-p 00000000 00:00 0 
320d9000-32100000 ---p 00000000 00:00 0 
32100000-321fd000 rw-p 00000000 00:00 0 
321fd000-32200000 ---p 00000000 00:00 0 
32200000-322e3000 rw-p 00000000 00:00 0 
322e3000-32300000 ---p 00000000 00:00 0 
32300000-323ec000 rw-p 00000000 00:00 0 
323ec000-32400000 ---p 00000000 00:00 0 
32400000-324ff000 rw-p 00000000 00:00 0 
324ff000-32500000 ---p 00000000 00:00 0 
32500000-325e9000 rw-p 00000000 00:00 0 
325e9000-32600000 ---p 00000000 00:00 0 
32600000-326fe000 rw-p 00000000 00:00 0 
326fe000-32700000 ---p 00000000 00:00 0 
32700000-327da000 rw-p 00000000 00:00 0 
327da000-32800000 ---p 00000000 00:00 0 
32800000-328f8000 rw-p 00000000 00:00 0 
328f8000-32900000 ---p 00000000 00:00 0 
32900000-329e1000 rw-p 00000000 00:00 0 
329e1000-32a00000 ---p 00000000 00:00 0 
32a00000-32c00000 rw-p 00000000 00:00 0 
32c00000-32e00000 rw-p 00000000 00:00 0 
32e00000-33000000 rw-p 00000000 00:00 0 
33000000-330fe000 rw-p 00000000 00:00 0 
330fe000-33100000 ---p 00000000 00:00 0 
33100000-33101000 r--s 00000000 08:05 8917458    /home/adelatorre/.ivy2/cache/org.springframework/org.springframework.instrument/jars/org.springframework.instrument-3.0.5.RELEASE.jar
33101000-33105000 r--s 00026000 08:05 8917460    /home/adelatorre/.ivy2/cache/org.springframework/org.springframework.expression/jars/org.springframework.expression-3.0.5.RELEASE.jar
33105000-33108000 r--s 00016000 08:05 8917462    /home/adelatorre/.ivy2/cache/org.springframework/org.springframework.context.support/jars/org.springframework.context.support-3.0.5.RELEASE.jar
33108000-33114000 r--s 0012d000 08:05 8917502    /home/adelatorre/.ivy2/cache/org.grails/grails-scripts/jars/grails-scripts-1.3.7.jar
33114000-33118000 r--s 00045000 08:05 8917504    /home/adelatorre/.ivy2/cache/org.grails/grails-bootstrap/jars/grails-bootstrap-1.3.7.jar
33118000-3311b000 r--s 00033000 08:05 8917506    /home/adelatorre/.ivy2/cache/org.grails/grails-docs/jars/grails-docs-1.3.7.jar
3311b000-3311e000 r--s 00041000 08:05 8917510    /home/adelatorre/.ivy2/cache/xalan/serializer/jars/serializer-2.7.1.jar
3311e000-33120000 r--s 00008000 08:05 8917511    /home/adelatorre/.ivy2/cache/org.fusesource.jansi/jansi/jars/jansi-1.2.1.jar
33120000-33122000 r--s 00014000 08:05 9044151    /home/adelatorre/.ivy2/cache/jline/jline/jars/jline-0.9.94.jar
33122000-3312a000 r--s 00062000 08:05 8917516    /home/adelatorre/.ivy2/cache/org.apache.ant/ant-nodeps/jars/ant-nodeps-1.7.1.jar
3312a000-3312d000 ---p 00000000 00:00 0 
3312d000-3317b000 rw-p 00000000 00:00 0 
3317b000-3317e000 ---p 00000000 00:00 0 
3317e000-331cc000 rw-p 00000000 00:00 0 
331cc000-3322b000 r--s 00d86000 08:05 1837057    /usr/lib/jvm/java-6-openjdk/lib/tools.jar
3322b000-3327f000 r--s 00516000 08:05 1970480    /usr/share/grails/1.3.7/lib/groovy-all-1.7.8.jar
3327f000-33280000 ---p 00000000 00:00 0 
33280000-33300000 rw-p 00000000 00:00 0 
33300000-33400000 rw-p 00000000 00:00 0 
33400000-33401000 r--s 00001000 08:05 8917514    /home/adelatorre/.ivy2/cache/org.apache.ant/ant-trax/jars/ant-trax-1.7.1.jar
33401000-33403000 r--s 00015000 08:05 8917517    /home/adelatorre/.ivy2/cache/org.apache.ant/ant-junit/jars/ant-junit-1.7.1.jar
33403000-33404000 r--s 00002000 08:05 8917519    /home/adelatorre/.ivy2/cache/org.apache.ant/ant-launcher/jars/ant-launcher-1.7.1.jar
33404000-33418000 r--s 0012f000 08:05 8917521    /home/adelatorre/.ivy2/cache/org.apache.ant/ant/jars/ant-1.7.1.jar
33418000-3342e000 r--s 001b3000 08:05 9044153    /home/adelatorre/.ivy2/cache/org.tmatesoft.svnkit/svnkit/jars/svnkit-1.3.1.jar
3342e000-33431000 ---p 00000000 00:00 0 
33431000-3347f000 rw-p 00000000 00:00 0 
3347f000-33482000 ---p 00000000 00:00 0 
33482000-33500000 rw-p 00000000 00:00 0 
33500000-335f4000 rw-p 00000000 00:00 0 
335f4000-33600000 ---p 00000000 00:00 0 
33600000-33607000 r--s 0005a000 08:05 8917523    /home/adelatorre/.ivy2/cache/org.codehaus.gpars/gpars/jars/gpars-0.9.jar
33607000-3361b000 r--s 0012f000 08:05 1970542    /usr/share/grails/1.3.7/lib/ant-1.7.1.jar
3361b000-33620000 r--s 00049000 08:05 1970496    /usr/share/grails/1.3.7/lib/gant_groovy1.7-1.9.2.jar
33620000-3362f000 r--s 000d9000 08:05 1970510    /usr/share/grails/1.3.7/lib/ivy-2.2.0.jar
3362f000-33636000 r--s 0005a000 08:05 1970535    /usr/share/grails/1.3.7/lib/gpars-0.9.jar
33636000-33639000 ---p 00000000 00:00 0 
33639000-336b7000 rw-p 00000000 00:00 0 
336b7000-336ba000 ---p 00000000 00:00 0 
336ba000-33708000 rw-p 00000000 00:00 0 
33708000-33828000 r--p 002a3000 08:05 788830     /usr/lib/locale/locale-archive
33828000-33a28000 r--p 00000000 08:05 788830     /usr/lib/locale/locale-archive
33a28000-33a2b000 ---p 00000000 00:00 0 
33a2b000-33a79000 rw-p 00000000 00:00 0 
33a79000-33a7c000 ---p 00000000 00:00 0 
33a7c000-33aca000 rw-p 00000000 00:00 0 
33aca000-33acb000 ---p 00000000 00:00 0 
33acb000-33b4b000 rw-p 00000000 00:00 0 
33b4b000-33b4d000 r--s 0001d000 08:05 1048719    /usr/lib/jvm/java-6-openjdk/jre/lib/plugin.jar
33b4d000-33b52000 r--s 00045000 08:05 1048727    /usr/lib/jvm/java-6-openjdk/jre/lib/netx.jar
33b52000-33b85000 rw-p 00000000 00:00 0 
33b85000-33d15000 r--s 038c5000 08:05 1048813    /usr/lib/jvm/java-6-openjdk/jre/lib/rt.jar
33d15000-33d16000 ---p 00000000 00:00 0 
33d16000-33d96000 rw-p 00000000 00:00 0 
33d96000-33d97000 ---p 00000000 00:00 0 
33d97000-33e17000 rw-p 00000000 00:00 0 
33e17000-33e18000 ---p 00000000 00:00 0 
33e18000-33e98000 rw-p 00000000 00:00 0 
33e98000-33e99000 ---p 00000000 00:00 0 
33e99000-33f23000 rw-p 00000000 00:00 0 
33f23000-34119000 rw-p 00000000 00:00 0 
34119000-3412c000 rw-p 00000000 00:00 0 
3412c000-3426f000 rw-p 00000000 00:00 0 
3426f000-34279000 rw-p 00000000 00:00 0 
34279000-3446f000 rw-p 00000000 00:00 0 
3446f000-34482000 rw-p 00000000 00:00 0 
34482000-345c4000 rw-p 00000000 00:00 0 
345c4000-34603000 rw-p 00000000 00:00 0 
34603000-3466f000 rw-p 00000000 00:00 0 
3466f000-35a70000 rw-p 00000000 00:00 0 
35a70000-74670000 rw-p 00000000 00:00 0 
74670000-76a80000 rw-p 00000000 00:00 0 
76a80000-9f120000 rw-p 00000000 00:00 0 
9f120000-a6d00000 rw-p 00000000 00:00 0 
a6d00000-a6dc0000 ---p 00000000 00:00 0 
a6dc0000-b4670000 rw-p 00000000 00:00 0 
b4670000-b4672000 r--s 00001000 08:05 1048792    /usr/lib/jvm/java-6-openjdk/jre/lib/ext/dnsns.jar
b4672000-b467a000 r--s 00066000 08:05 1185433    /usr/share/java/gnome-java-bridge.jar
b467a000-b4686000 rw-p 00000000 00:00 0 
b4686000-b473a000 rw-p 00000000 00:00 0 
b473a000-b4a0a000 rwxp 00000000 00:00 0 
b4a0a000-b773a000 rw-p 00000000 00:00 0 
b773a000-b773d000 ---p 00000000 00:00 0 
b773d000-b778e000 rw-p 00000000 00:00 0 
b778e000-b7791000 r--s 0007d000 08:05 1048709    /usr/lib/jvm/java-6-openjdk/jre/lib/jsse.jar
b7791000-b7795000 r--s 00045000 08:05 2108066    /usr/share/grails/1.3.7/dist/grails-bootstrap-1.3.7.jar
b7795000-b7798000 r--s 0000f000 08:05 1048802    /usr/lib/jvm/java-6-openjdk/jre/lib/ext/pulse-java.jar
b7798000-b77a0000 rw-s 00000000 08:05 9965683    /tmp/hsperfdata_adelatorre/4815
b77a0000-b77a1000 rw-p 00000000 00:00 0 
b77a1000-b77a2000 r--p 00000000 00:00 0 
b77a2000-b77a4000 rw-p 00000000 00:00 0 
bfacb000-bfaed000 rw-p 00000000 00:00 0          [stack]

VM Arguments:
jvm_args: -Xdebug -Xmx1G -Xmx1024m -XX:MaxPermSize=1024m -Dhttp.proxyHost=10.200.1.68 -Dhttp.nonProxyHosts=git.ml.com|internal.ml.com|*.ml.com|10.100.34.*|localhost|db1.mongo.gz|10.100.34.144|10.4.0.169|10.100.34.166|10.100.34.84|209.225.11.99 -Dgrails.home=/usr/share/grails/1.3.7 -Dtools.jar=/usr/lib/jvm/java-6-openjdk/lib/tools.jar 
java_command: org.codehaus.groovy.grails.cli.support.GrailsStarter --main org.codehaus.groovy.grails.cli.GrailsScriptRunner --conf /usr/share/grails/1.3.7/conf/groovy-starter.conf --classpath  run-app
Launcher Type: SUN_STANDARD

Environment Variables:
JAVA_HOME=/usr/lib/jvm/java-6-openjdk
PATH=/usr/local/sbin:/usr/local/bin:/usr/sbin:/usr/bin:/sbin:/bin:/usr/games:/home/adelatorre/software/jdk/bin:/home/adelatorre/proyectos/enviroment/grails/bin:/usr/lib/oracle/xe/app/oracle/product/10.2.0/server/bin
USERNAME=adelatorre
LD_LIBRARY_PATH=/usr/lib/jvm/java-6-openjdk/jre/lib/i386/server:/usr/lib/jvm/java-6-openjdk/jre/lib/i386:/usr/lib/jvm/java-6-openjdk/jre/../lib/i386
SHELL=/bin/bash
DISPLAY=:0.0

Signal Handlers:
SIGSEGV: [libjvm.so+0x6498a0], sa_mask[0]=0x7ffbfeff, sa_flags=0x10000004
SIGBUS: [libjvm.so+0x6498a0], sa_mask[0]=0x7ffbfeff, sa_flags=0x10000004
SIGFPE: [libjvm.so+0x51bb40], sa_mask[0]=0x7ffbfeff, sa_flags=0x10000004
SIGPIPE: [libjvm.so+0x51bb40], sa_mask[0]=0x7ffbfeff, sa_flags=0x10000004
SIGXFSZ: [libjvm.so+0x51bb40], sa_mask[0]=0x7ffbfeff, sa_flags=0x10000004
SIGILL: [libjvm.so+0x51bb40], sa_mask[0]=0x7ffbfeff, sa_flags=0x10000004
SIGUSR1: SIG_DFL, sa_mask[0]=0x00000000, sa_flags=0x00000000
SIGUSR2: [libjvm.so+0x51b1f0], sa_mask[0]=0x00000000, sa_flags=0x10000004
SIGHUP: [libjvm.so+0x51dd60], sa_mask[0]=0x7ffbfeff, sa_flags=0x10000004
SIGINT: [libjvm.so+0x51dd60], sa_mask[0]=0x7ffbfeff, sa_flags=0x10000004
SIGTERM: [libjvm.so+0x51dd60], sa_mask[0]=0x7ffbfeff, sa_flags=0x10000004
SIGQUIT: [libjvm.so+0x51dd60], sa_mask[0]=0x7ffbfeff, sa_flags=0x10000004


---------------  S Y S T E M  ---------------

OS:Ubuntu 10.10 (maverick)
uname:Linux 2.6.35-32-generic #67-Ubuntu SMP Mon Mar 5 19:35:26 UTC 2012 i686
libc:glibc 2.12.1 NPTL 2.12.1 
rlimit: STACK 8192k, CORE 0k, NPROC infinity, NOFILE 1024, AS infinity
load average:1.50 1.25 1.17

/proc/meminfo:
MemTotal:        3538964 kB
MemFree:          603700 kB
Buffers:          306240 kB
Cached:          1328748 kB
SwapCached:            0 kB
Active:          1478460 kB
Inactive:        1292280 kB
Active(anon):    1141752 kB
Inactive(anon):   132032 kB
Active(file):     336708 kB
Inactive(file):  1160248 kB
Unevictable:          40 kB
Mlocked:              40 kB
HighTotal:       2685316 kB
HighFree:         204572 kB
LowTotal:         853648 kB
LowFree:          399128 kB
SwapTotal:       7973884 kB
SwapFree:        7973884 kB
Dirty:               248 kB
Writeback:             0 kB
AnonPages:       1135812 kB
Mapped:           217652 kB
Shmem:            138036 kB
Slab:             107960 kB
SReclaimable:      89360 kB
SUnreclaim:        18600 kB
KernelStack:        3440 kB
PageTables:         7788 kB
NFS_Unstable:          0 kB
Bounce:                0 kB
WritebackTmp:          0 kB
CommitLimit:     9743364 kB
Committed_AS:    2718964 kB
VmallocTotal:     122880 kB
VmallocUsed:       43392 kB
VmallocChunk:      47516 kB
HardwareCorrupted:     0 kB
HugePages_Total:       0
HugePages_Free:        0
HugePages_Rsvd:        0
HugePages_Surp:        0
Hugepagesize:       4096 kB
DirectMap4k:       16376 kB
DirectMap4M:      892928 kB


CPU:total 4 (2 cores per cpu, 2 threads per core) family 6 model 37 stepping 5, cmov, cx8, fxsr, mmx, sse, sse2, sse3, ssse3, sse4.1, sse4.2, popcnt, ht

Memory: 4k page, physical 3538964k(603700k free), swap 7973884k(7973884k free)

vm_info: OpenJDK Server VM (19.0-b09) for linux-x86 JRE (1.6.0_20-b20), built on Feb 18 2012 07:29:49 by "buildd" with gcc 4.4.5

time: Sat Feb 16 15:09:55 2013
elapsed time: 6 seconds

