#
# A fatal error has been detected by the Java Runtime Environment:
#
#  SIGSEGV (0xb) at pc=0xb4b0b6eb, pid=2109, tid=2255870832
#
# JRE version: 6.0_20-b20
# Java VM: OpenJDK Server VM (19.0-b09 mixed mode linux-x86 )
# Derivative: IcedTea6 1.9.13
# Distribution: Ubuntu 10.10, package 6b20-1.9.13-0ubuntu1~10.10.1
# Problematic frame:
# J  groovy.lang.ExpandoMetaClass.getProperty(Ljava/lang/Class;Ljava/lang/Object;Ljava/lang/String;ZZ)Ljava/lang/Object;
#
# If you would like to submit a bug report, please include
# instructions how to reproduce the bug and visit:
#   https://bugs.launchpad.net/ubuntu/+source/openjdk-6/
#

---------------  T H R E A D  ---------------

Current thread (0x09bb8400):  JavaThread "http-8080-4" daemon [_thread_in_Java, id=2248, stack(0x8670d000,0x8675e000)]

siginfo:si_signo=SIGSEGV: si_errno=0, si_code=128 (), si_addr=0x00000000

Registers:
EAX=0x88e58b10, EBX=0x00000000, ECX=0x960656c8, EDX=0x899443c8
ESP=0x8675a3a0, EBP=0x00000000, ESI=0x88bbd8b0, EDI=0x00000000
EIP=0xb4b0b6eb, CR2=0x00000004, EFLAGS=0x00210202

Register to memory mapping:

EAX=0x88e58b10
java.lang.String 
 - klass: 'java/lang/String'

EBX=0x00000000
0x00000000 is pointing to unknown location

ECX=0x960656c8
groovy.lang.ExpandoMetaClass 
 - klass: 'groovy/lang/ExpandoMetaClass'

EDX=0x899443c8
java.lang.Class 
 - klass: 'java/lang/Class'

ESP=0x8675a3a0
0x8675a3a0 is pointing into the stack for thread: 0x09bb8400
"http-8080-4" daemon prio=10 tid=0x09bb8400 nid=0x8c8 runnable [0x00000000]
   java.lang.Thread.State: RUNNABLE

EBP=0x00000000
0x00000000 is pointing to unknown location

ESI=0x88bbd8b0
java.lang.String 
 - klass: 'java/lang/String'

EDI=0x00000000
0x00000000 is pointing to unknown location


Top of Stack: (sp=0x8675a3a0)
0x8675a3a0:   899443c8 88bbd8b0 00000000 00000000
0x8675a3b0:   88b99da0 8aee67e8 960656c8 ad0d2a40
0x8675a3c0:   00000004 8675a3f4 00000000 b4c1c284
0x8675a3d0:   899443c8 88bbd8b0 00000000 00000000
0x8675a3e0:   88cabae8 0159eff4 899443c8 b4a3f53c
0x8675a3f0:   88bbd8b0 013a7749 899443c8 00000001
0x8675a400:   00000004 012193fe 8675a44c b482f523
0x8675a410:   88bbd8b0 0159eff4 09bb8400 b482f523 

Instructions: (pc=0xb4b0b6eb)
0xb4b0b6db:   8b 6c 24 38 89 6c 24 08 8b 5c 24 3c 89 5c 24 0c
0xb4b0b6eb:   e8 bc a8 11 00 83 c4 28 5d 85 05 00 30 89 b7 c3 

Stack: [0x8670d000,0x8675e000],  sp=0x8675a3a0,  free space=308k
Native frames: (J=compiled Java code, j=interpreted, Vv=VM code, C=native code)
J  groovy.lang.ExpandoMetaClass.getProperty(Ljava/lang/Class;Ljava/lang/Object;Ljava/lang/String;ZZ)Ljava/lang/Object;

[error occurred during error reporting (printing native stack), id 0xb]


---------------  P R O C E S S  ---------------

Java Threads: ( => current thread )
  0x08a15000 JavaThread "http-8080-5" daemon [_thread_in_native, id=2249, stack(0x85faf000,0x86000000)]
=>0x09bb8400 JavaThread "http-8080-4" daemon [_thread_in_Java, id=2248, stack(0x8670d000,0x8675e000)]
  0x08aee400 JavaThread "http-8080-3" daemon [_thread_in_native, id=2247, stack(0x8675e000,0x867af000)]
  0x08c58000 JavaThread "http-8080-2" daemon [_thread_in_native, id=2246, stack(0x867af000,0x86800000)]
  0x08ccfc00 JavaThread "http-8080-1" daemon [_thread_in_native, id=2245, stack(0x86908000,0x86959000)]
  0x0911ac00 JavaThread "Thread-9" daemon [_thread_blocked, id=2155, stack(0x86959000,0x869aa000)]
  0x08475400 JavaThread "http-8080-Acceptor-0" daemon [_thread_in_native, id=2154, stack(0x869aa000,0x869fb000)]
  0x090aa400 JavaThread "ContainerBackgroundProcessor[StandardEngine[Tomcat]]" daemon [_thread_blocked, id=2153, stack(0x869fb000,0x86a4c000)]
  0x082fb000 JavaThread "Store org.hibernate.cache.StandardQueryCache Spool Thread" daemon [_thread_blocked, id=2152, stack(0x8787b000,0x878cc000)]
  0x082fc800 JavaThread "Store org.hibernate.cache.UpdateTimestampsCache Spool Thread" daemon [_thread_blocked, id=2151, stack(0x86a6e000,0x86abf000)]
  0x089eb800 JavaThread "net.sf.ehcache.CacheManager@bd6b1e" daemon [_thread_blocked, id=2150, stack(0x8782a000,0x8787b000)]
  0x081e3800 JavaThread "Low Memory Detector" daemon [_thread_blocked, id=2139, stack(0x87b3f000,0x87b90000)]
  0x081e1400 JavaThread "CompilerThread1" daemon [_thread_in_native, id=2138, stack(0x87b90000,0x87c11000)]
  0x081dec00 JavaThread "CompilerThread0" daemon [_thread_in_native, id=2137, stack(0x87c11000,0x87c92000)]
  0x081dd400 JavaThread "Signal Dispatcher" daemon [_thread_blocked, id=2136, stack(0x87c92000,0x87ce3000)]
  0x081cdc00 JavaThread "Finalizer" daemon [_thread_blocked, id=2135, stack(0x88003000,0x88054000)]
  0x081c9400 JavaThread "Reference Handler" daemon [_thread_blocked, id=2134, stack(0x88054000,0x880a5000)]
  0x0811c800 JavaThread "main" [_thread_blocked, id=2128, stack(0xb782c000,0xb787d000)]

Other Threads:
  0x081c5400 VMThread [stack: 0x880a5000,0x88126000] [id=2133]
  0x081e5800 WatcherThread [stack: 0x8797f000,0x87a00000] [id=2140]

VM state:not at safepoint (normal execution)

VM Mutex/Monitor currently owned by a thread:  ([mutex/lock_event])
[0x08119ce8] CodeCache_lock - owner thread: 0x00000000

Heap
 PSYoungGen      total 161152K, used 53422K [0xa9cc0000, 0xb4760000, 0xb4760000)
  eden space 147584K, 36% used [0xa9cc0000,0xad0ebba0,0xb2ce0000)
  from space 13568K, 0% used [0xb2ce0000,0xb2ce0000,0xb3a20000)
  to   space 13568K, 0% used [0xb3a20000,0xb3a20000,0xb4760000)
 PSOldGen        total 110016K, used 66175K [0x94760000, 0x9b2d0000, 0xa9cc0000)
  object space 110016K, 60% used [0x94760000,0x987ffff0,0x9b2d0000)
 PSPermGen       total 72192K, used 40478K [0x88760000, 0x8cde0000, 0x94760000)
  object space 72192K, 56% used [0x88760000,0x8aee7a10,0x8cde0000)

Dynamic libraries:
00110000-00134000 r-xp 00000000 08:05 2634965    /lib/libm-2.12.1.so
00134000-00135000 r--p 00023000 08:05 2634965    /lib/libm-2.12.1.so
00135000-00136000 rw-p 00024000 08:05 2634965    /lib/libm-2.12.1.so
00136000-00141000 r-xp 00000000 08:05 1183943    /usr/lib/jvm/java-6-openjdk/jre/lib/i386/libverify.so
00141000-00142000 ---p 0000b000 08:05 1183943    /usr/lib/jvm/java-6-openjdk/jre/lib/i386/libverify.so
00142000-00143000 r--p 0000b000 08:05 1183943    /usr/lib/jvm/java-6-openjdk/jre/lib/i386/libverify.so
00143000-00144000 rw-p 0000c000 08:05 1183943    /usr/lib/jvm/java-6-openjdk/jre/lib/i386/libverify.so
00144000-0014a000 r-xp 00000000 08:05 2634966    /lib/libnss_compat-2.12.1.so
0014a000-0014b000 r--p 00006000 08:05 2634966    /lib/libnss_compat-2.12.1.so
0014b000-0014c000 rw-p 00007000 08:05 2634966    /lib/libnss_compat-2.12.1.so
001ea000-001ed000 r-xp 00000000 08:05 1183928    /usr/lib/jvm/java-6-openjdk/jre/lib/i386/jli/libjli.so
001ed000-001ee000 r--p 00002000 08:05 1183928    /usr/lib/jvm/java-6-openjdk/jre/lib/i386/jli/libjli.so
001ee000-001ef000 rw-p 00003000 08:05 1183928    /usr/lib/jvm/java-6-openjdk/jre/lib/i386/jli/libjli.so
001ef000-00346000 r-xp 00000000 08:05 2634967    /lib/libc-2.12.1.so
00346000-00348000 r--p 00157000 08:05 2634967    /lib/libc-2.12.1.so
00348000-00349000 rw-p 00159000 08:05 2634967    /lib/libc-2.12.1.so
00349000-0034c000 rw-p 00000000 00:00 0 
00408000-0040a000 r-xp 00000000 08:05 2634956    /lib/libdl-2.12.1.so
0040a000-0040b000 r--p 00001000 08:05 2634956    /lib/libdl-2.12.1.so
0040b000-0040c000 rw-p 00002000 08:05 2634956    /lib/libdl-2.12.1.so
00457000-0045d000 r-xp 00000000 08:05 1183925    /usr/lib/jvm/java-6-openjdk/jre/lib/i386/libzip.so
0045d000-0045e000 r--p 00005000 08:05 1183925    /usr/lib/jvm/java-6-openjdk/jre/lib/i386/libzip.so
0045e000-0045f000 rw-p 00006000 08:05 1183925    /usr/lib/jvm/java-6-openjdk/jre/lib/i386/libzip.so
006f5000-006fb000 r-xp 00000000 08:05 1183946    /usr/lib/jvm/java-6-openjdk/jre/lib/i386/libmanagement.so
006fb000-006fc000 r--p 00005000 08:05 1183946    /usr/lib/jvm/java-6-openjdk/jre/lib/i386/libmanagement.so
006fc000-006fd000 rw-p 00006000 08:05 1183946    /usr/lib/jvm/java-6-openjdk/jre/lib/i386/libmanagement.so
007af000-007b0000 r-xp 00000000 00:00 0          [vdso]
00858000-0085f000 r-xp 00000000 08:05 2634958    /lib/librt-2.12.1.so
0085f000-00860000 r--p 00006000 08:05 2634958    /lib/librt-2.12.1.so
00860000-00861000 rw-p 00007000 08:05 2634958    /lib/librt-2.12.1.so
0093b000-00944000 r-xp 00000000 08:05 2634960    /lib/libnss_nis-2.12.1.so
00944000-00945000 r--p 00008000 08:05 2634960    /lib/libnss_nis-2.12.1.so
00945000-00946000 rw-p 00009000 08:05 2634960    /lib/libnss_nis-2.12.1.so
0098a000-00990000 r-xp 00000000 08:05 1183936    /usr/lib/jvm/java-6-openjdk/jre/lib/i386/native_threads/libhpi.so
00990000-00991000 r--p 00005000 08:05 1183936    /usr/lib/jvm/java-6-openjdk/jre/lib/i386/native_threads/libhpi.so
00991000-00992000 rw-p 00006000 08:05 1183936    /usr/lib/jvm/java-6-openjdk/jre/lib/i386/native_threads/libhpi.so
00a94000-00ab6000 r-xp 00000000 08:05 1183920    /usr/lib/jvm/java-6-openjdk/jre/lib/i386/libjava.so
00ab6000-00ab7000 r--p 00021000 08:05 1183920    /usr/lib/jvm/java-6-openjdk/jre/lib/i386/libjava.so
00ab7000-00ab9000 rw-p 00022000 08:05 1183920    /usr/lib/jvm/java-6-openjdk/jre/lib/i386/libjava.so
00c2a000-00c34000 r-xp 00000000 08:05 2634954    /lib/libnss_files-2.12.1.so
00c34000-00c35000 r--p 00009000 08:05 2634954    /lib/libnss_files-2.12.1.so
00c35000-00c36000 rw-p 0000a000 08:05 2634954    /lib/libnss_files-2.12.1.so
00cee000-00d01000 r-xp 00000000 08:05 2634962    /lib/libnsl-2.12.1.so
00d01000-00d02000 r--p 00012000 08:05 2634962    /lib/libnsl-2.12.1.so
00d02000-00d03000 rw-p 00013000 08:05 2634962    /lib/libnsl-2.12.1.so
00d03000-00d05000 rw-p 00000000 00:00 0 
00d29000-00d45000 r-xp 00000000 08:05 2634951    /lib/ld-2.12.1.so
00d45000-00d46000 r--p 0001b000 08:05 2634951    /lib/ld-2.12.1.so
00d46000-00d47000 rw-p 0001c000 08:05 2634951    /lib/ld-2.12.1.so
00dcf000-00de3000 r-xp 00000000 08:05 1183951    /usr/lib/jvm/java-6-openjdk/jre/lib/i386/libnet.so
00de3000-00de4000 r--p 00013000 08:05 1183951    /usr/lib/jvm/java-6-openjdk/jre/lib/i386/libnet.so
00de4000-00de5000 rw-p 00014000 08:05 1183951    /usr/lib/jvm/java-6-openjdk/jre/lib/i386/libnet.so
00e1b000-00e2e000 r-xp 00000000 08:05 2621634    /lib/libz.so.1.2.3.4
00e2e000-00e2f000 r--p 00012000 08:05 2621634    /lib/libz.so.1.2.3.4
00e2f000-00e30000 rw-p 00013000 08:05 2621634    /lib/libz.so.1.2.3.4
00e7b000-00e90000 r-xp 00000000 08:05 2634968    /lib/libpthread-2.12.1.so
00e90000-00e91000 ---p 00015000 08:05 2634968    /lib/libpthread-2.12.1.so
00e91000-00e92000 r--p 00015000 08:05 2634968    /lib/libpthread-2.12.1.so
00e92000-00e93000 rw-p 00016000 08:05 2634968    /lib/libpthread-2.12.1.so
00e93000-00e95000 rw-p 00000000 00:00 0 
00e95000-0155a000 r-xp 00000000 08:05 1183935    /usr/lib/jvm/java-6-openjdk/jre/lib/i386/server/libjvm.so
0155a000-0159f000 r--p 006c4000 08:05 1183935    /usr/lib/jvm/java-6-openjdk/jre/lib/i386/server/libjvm.so
0159f000-015ae000 rw-p 00709000 08:05 1183935    /usr/lib/jvm/java-6-openjdk/jre/lib/i386/server/libjvm.so
015ae000-019cd000 rw-p 00000000 00:00 0 
08048000-08051000 r-xp 00000000 08:05 1183894    /usr/lib/jvm/java-6-openjdk/jre/bin/java
08051000-08052000 r--p 00008000 08:05 1183894    /usr/lib/jvm/java-6-openjdk/jre/bin/java
08052000-08053000 rw-p 00009000 08:05 1183894    /usr/lib/jvm/java-6-openjdk/jre/bin/java
08116000-0a307000 rw-p 00000000 00:00 0          [heap]
84e00000-84efb000 rw-p 00000000 00:00 0 
84efb000-84f00000 ---p 00000000 00:00 0 
84f00000-84fef000 rw-p 00000000 00:00 0 
84fef000-85000000 ---p 00000000 00:00 0 
85000000-850fe000 rw-p 00000000 00:00 0 
850fe000-85100000 ---p 00000000 00:00 0 
85100000-851fa000 rw-p 00000000 00:00 0 
851fa000-85200000 ---p 00000000 00:00 0 
85200000-852f9000 rw-p 00000000 00:00 0 
852f9000-85300000 ---p 00000000 00:00 0 
85300000-853e9000 rw-p 00000000 00:00 0 
853e9000-85400000 ---p 00000000 00:00 0 
85400000-854fe000 rw-p 00000000 00:00 0 
854fe000-85500000 ---p 00000000 00:00 0 
85600000-856f8000 rw-p 00000000 00:00 0 
856f8000-85700000 ---p 00000000 00:00 0 
85700000-857f7000 rw-p 00000000 00:00 0 
857f7000-85800000 ---p 00000000 00:00 0 
85800000-858fe000 rw-p 00000000 00:00 0 
858fe000-85900000 ---p 00000000 00:00 0 
85900000-859fd000 rw-p 00000000 00:00 0 
859fd000-85a00000 ---p 00000000 00:00 0 
85a00000-85afc000 rw-p 00000000 00:00 0 
85afc000-85b00000 ---p 00000000 00:00 0 
85b00000-85bdb000 rw-p 00000000 00:00 0 
85bdb000-85c00000 ---p 00000000 00:00 0 
85c00000-85cec000 rw-p 00000000 00:00 0 
85cec000-85d00000 ---p 00000000 00:00 0 
85d00000-85df6000 rw-p 00000000 00:00 0 
85df6000-85e00000 ---p 00000000 00:00 0 
85e00000-85ef6000 rw-p 00000000 00:00 0 
85ef6000-85f00000 ---p 00000000 00:00 0 
85f5e000-85f61000 ---p 00000000 00:00 0 
85f61000-85faf000 rw-p 00000000 00:00 0 
85faf000-85fb2000 ---p 00000000 00:00 0 
85fb2000-86000000 rw-p 00000000 00:00 0 
86000000-860fc000 rw-p 00000000 00:00 0 
860fc000-86100000 ---p 00000000 00:00 0 
86100000-861f7000 rw-p 00000000 00:00 0 
861f7000-86200000 ---p 00000000 00:00 0 
86200000-862e9000 rw-p 00000000 00:00 0 
862e9000-86300000 ---p 00000000 00:00 0 
86300000-863e4000 rw-p 00000000 00:00 0 
863e4000-86400000 ---p 00000000 00:00 0 
86400000-864f5000 rw-p 00000000 00:00 0 
864f5000-86500000 ---p 00000000 00:00 0 
86500000-865f9000 rw-p 00000000 00:00 0 
865f9000-86600000 ---p 00000000 00:00 0 
86600000-866ff000 rw-p 00000000 00:00 0 
866ff000-86700000 ---p 00000000 00:00 0 
8670d000-86710000 ---p 00000000 00:00 0 
86710000-8675e000 rw-p 00000000 00:00 0 
8675e000-86761000 ---p 00000000 00:00 0 
86761000-867af000 rw-p 00000000 00:00 0 
867af000-867b2000 ---p 00000000 00:00 0 
867b2000-86800000 rw-p 00000000 00:00 0 
86800000-868f4000 rw-p 00000000 00:00 0 
868f4000-86900000 ---p 00000000 00:00 0 
86908000-8690b000 ---p 00000000 00:00 0 
8690b000-86959000 rw-p 00000000 00:00 0 
86959000-8695c000 ---p 00000000 00:00 0 
8695c000-869aa000 rw-p 00000000 00:00 0 
869aa000-869ad000 ---p 00000000 00:00 0 
869ad000-869fb000 rw-p 00000000 00:00 0 
869fb000-869fe000 ---p 00000000 00:00 0 
869fe000-86a4c000 rw-p 00000000 00:00 0 
86a4c000-86a5a000 r--s 00351000 08:05 1048717    /usr/lib/jvm/java-6-openjdk/jre/lib/charsets.jar
86a5a000-86a68000 r--s 00351000 08:05 1048717    /usr/lib/jvm/java-6-openjdk/jre/lib/charsets.jar
86a68000-86a6e000 r--s 000fc000 08:05 1048810    /usr/lib/jvm/java-6-openjdk/jre/lib/resources.jar
86a6e000-86a71000 ---p 00000000 00:00 0 
86a71000-86abf000 rw-p 00000000 00:00 0 
86abf000-86ada000 r--s 001d5000 08:05 5251249    /home/adelatorre/.grails/1.3.7/projects/tesis-unsl/plugins/tomcat-1.3.7/lib/tomcat-core.jar
86ada000-86adb000 r--s 00005000 08:05 5251238    /home/adelatorre/.grails/1.3.7/projects/tesis-unsl/plugins/tomcat-1.3.7/lib/tomcat-juli-adapters.jar
86adb000-86ae7000 r--s 00149000 08:05 5251250    /home/adelatorre/.grails/1.3.7/projects/tesis-unsl/plugins/tomcat-1.3.7/lib/jasper-jdt.jar
86ae7000-86af2000 r--s 0009e000 08:05 5251248    /home/adelatorre/.grails/1.3.7/projects/tesis-unsl/plugins/tomcat-1.3.7/lib/tomcat-jasper.jar
86af2000-86af3000 r--s 0000b000 08:05 5251263    /home/adelatorre/.grails/1.3.7/projects/tesis-unsl/plugins/tomcat-1.3.7/lib/catalina-ant.jar
86af3000-86af7000 r--s 0002d000 08:05 5251241    /home/adelatorre/.grails/1.3.7/projects/tesis-unsl/plugins/tomcat-1.3.7/lib/tomcat-dbcp.jar
86af7000-86af8000 r--s 00000000 08:05 5251262    /home/adelatorre/.grails/1.3.7/projects/tesis-unsl/plugins/tomcat-1.3.7/lib/grails-tomcat-plugin-1.0.jar
86af8000-86afa000 r--s 0000d000 08:05 5251228    /home/adelatorre/.grails/1.3.7/projects/tesis-unsl/plugins/tomcat-1.3.7/lib/tomcat-juli.jar
86afa000-86b00000 r--s 0006d000 08:05 7472781    /home/adelatorre/.ivy2/cache/org.grails/grails-test/jars/grails-test-1.3.7.jar
86b00000-86b06000 r--s 00034000 08:05 7472732    /home/adelatorre/.ivy2/cache/junit/junit/jars/junit-4.8.1.jar
86b06000-86b07000 r--s 00001000 08:05 7473283    /home/adelatorre/.ivy2/cache/org.hibernate/hibernate-ehcache/jars/hibernate-ehcache-3.3.1.GA.jar
86b07000-86b0c000 r--s 00048000 08:05 7473281    /home/adelatorre/.ivy2/cache/dom4j/dom4j/jars/dom4j-1.6.1.jar
86b0c000-86b12000 r--s 00067000 08:05 7473279    /home/adelatorre/.ivy2/cache/antlr/antlr/jars/antlr-2.7.6.jar
86b12000-86b1a000 r--s 0008e000 08:05 7473277    /home/adelatorre/.ivy2/cache/javassist/javassist/jars/javassist-3.11.0.GA.jar
86b1a000-86b1d000 r--s 0000d000 08:05 7473275    /home/adelatorre/.ivy2/cache/org.hibernate/hibernate-validator/jars/hibernate-validator-3.1.0.GA.jar
86b1d000-86b1f000 r--s 00005000 08:05 7472779    /home/adelatorre/.ivy2/cache/xpp3/xpp3_min/jars/xpp3_min-1.1.3.4.O.jar
86b1f000-86b28000 r--s 00058000 08:05 7472777    /home/adelatorre/.ivy2/cache/apache-taglibs/standard/jars/standard-1.1.2.jar
86b28000-86b2a000 r--s 00000000 08:05 7472775    /home/adelatorre/.ivy2/cache/org.slf4j/jul-to-slf4j/jars/jul-to-slf4j-1.5.8.jar
86b2a000-86b2c000 r--s 00003000 08:05 7472773    /home/adelatorre/.ivy2/cache/org.slf4j/jcl-over-slf4j/jars/jcl-over-slf4j-1.5.8.jar
86b2c000-86b35000 r--s 0006d000 08:05 7472734    /home/adelatorre/.ivy2/cache/log4j/log4j/jars/log4j-1.2.16.jar
86b35000-86b3b000 r--s 0003d000 08:05 7472771    /home/adelatorre/.ivy2/cache/net.sf.ehcache/ehcache-core/jars/ehcache-core-1.7.1.jar
86b3b000-86b44000 r--s 000a4000 08:05 7472769    /home/adelatorre/.ivy2/cache/hsqldb/hsqldb/jars/hsqldb-1.8.0.10.jar
86b44000-86b47000 r--s 00016000 08:05 7472767    /home/adelatorre/.ivy2/cache/commons-pool/commons-pool/jars/commons-pool-1.5.5.jar
86b47000-86b4a000 r--s 00022000 08:05 7472765    /home/adelatorre/.ivy2/cache/commons-dbcp/commons-dbcp/jars/commons-dbcp-1.3.jar
86b4a000-86b4c000 r--s 00004000 08:05 7472763    /home/adelatorre/.ivy2/cache/javax.servlet/jstl/jars/jstl-1.1.2.jar
86b4c000-86b4e000 r--s 0000e000 08:05 7472761    /home/adelatorre/.ivy2/cache/oro/oro/jars/oro-2.0.8.jar
86b4e000-86b51000 r--s 0000c000 08:05 7472759    /home/adelatorre/.ivy2/cache/commons-fileupload/commons-fileupload/jars/commons-fileupload-1.2.1.jar
86b51000-86b58000 r--s 00049000 08:05 7472757    /home/adelatorre/.ivy2/cache/cglib/cglib-nodep/jars/cglib-nodep-2.1_3.jar
86b58000-86b5d000 r--s 00018000 08:05 7472755    /home/adelatorre/.ivy2/cache/org.aspectj/aspectjrt/jars/aspectjrt-1.6.8.jar
86b5d000-86b73000 r--s 00178000 08:05 7472753    /home/adelatorre/.ivy2/cache/org.aspectj/aspectjweaver/jars/aspectjweaver-1.6.8.jar
86b73000-86b78000 r--s 00040000 08:05 7473273    /home/adelatorre/.ivy2/cache/org.hibernate/hibernate-annotations/jars/hibernate-annotations-3.4.0.GA.jar
86b78000-86b7b000 r--s 0000e000 08:05 7473271    /home/adelatorre/.ivy2/cache/org.hibernate/hibernate-commons-annotations/jars/hibernate-commons-annotations-3.1.0.GA.jar
86b7b000-86ba7000 r--s 00278000 08:05 7473269    /home/adelatorre/.ivy2/cache/org.hibernate/hibernate-core/jars/hibernate-core-3.3.1.GA.jar
86ba7000-86bb0000 r--s 0005e000 08:05 7472728    /home/adelatorre/.ivy2/cache/org.springframework/org.springframework.web.servlet/jars/org.springframework.web.servlet-3.0.5.RELEASE.jar
86bb0000-86bba000 r--s 00057000 08:05 7472726    /home/adelatorre/.ivy2/cache/org.springframework/org.springframework.web/jars/org.springframework.web-3.0.5.RELEASE.jar
86bba000-86bc1000 r--s 00032000 08:05 7472724    /home/adelatorre/.ivy2/cache/org.springframework/org.springframework.transaction/jars/org.springframework.transaction-3.0.5.RELEASE.jar
86bc1000-86bc3000 r--s 0000d000 08:05 7472722    /home/adelatorre/.ivy2/cache/org.springframework/org.springframework.oxm/jars/org.springframework.oxm-3.0.5.RELEASE.jar
86bc3000-86bcb000 r--s 0004a000 08:05 7472720    /home/adelatorre/.ivy2/cache/org.springframework/org.springframework.orm/jars/org.springframework.orm-3.0.5.RELEASE.jar
86bcb000-86bd0000 r--s 00029000 08:05 7472718    /home/adelatorre/.ivy2/cache/org.springframework/org.springframework.jms/jars/org.springframework.jms-3.0.5.RELEASE.jar
86bd0000-86bda000 r--s 00055000 08:05 7472716    /home/adelatorre/.ivy2/cache/org.springframework/org.springframework.jdbc/jars/org.springframework.jdbc-3.0.5.RELEASE.jar
86bda000-86bdb000 r--s 00000000 08:05 7472714    /home/adelatorre/.ivy2/cache/org.springframework/org.springframework.instrument/jars/org.springframework.instrument-3.0.5.RELEASE.jar
86bdb000-86bdf000 r--s 00026000 08:05 7472712    /home/adelatorre/.ivy2/cache/org.springframework/org.springframework.expression/jars/org.springframework.expression-3.0.5.RELEASE.jar
86bdf000-86be2000 r--s 00016000 08:05 7472710    /home/adelatorre/.ivy2/cache/org.springframework/org.springframework.context.support/jars/org.springframework.context.support-3.0.5.RELEASE.jar
86be2000-86bf4000 r--s 00092000 08:05 7472708    /home/adelatorre/.ivy2/cache/org.springframework/org.springframework.context/jars/org.springframework.context-3.0.5.RELEASE.jar
86bf4000-86c00000 r--s 0007c000 08:05 7472706    /home/adelatorre/.ivy2/cache/org.springframework/org.springframework.beans/jars/org.springframework.beans-3.0.5.RELEASE.jar
86c00000-86cf2000 rw-p 00000000 00:00 0 
86cf2000-86d00000 ---p 00000000 00:00 0 
86d00000-86de3000 rw-p 00000000 00:00 0 
86de3000-86e00000 ---p 00000000 00:00 0 
86e00000-86f00000 rw-p 00000000 00:00 0 
86f00000-86ffb000 rw-p 00000000 00:00 0 
86ffb000-87000000 ---p 00000000 00:00 0 
87000000-870fc000 rw-p 00000000 00:00 0 
870fc000-87100000 ---p 00000000 00:00 0 
87100000-871fb000 rw-p 00000000 00:00 0 
871fb000-87200000 ---p 00000000 00:00 0 
87200000-872f1000 rw-p 00000000 00:00 0 
872f1000-87300000 ---p 00000000 00:00 0 
87300000-873ff000 rw-p 00000000 00:00 0 
873ff000-87400000 ---p 00000000 00:00 0 
87402000-87403000 r--p 00000000 00:00 0 
87403000-87404000 r--s 0000c000 08:05 7472704    /home/adelatorre/.ivy2/cache/org.springframework/org.springframework.asm/jars/org.springframework.asm-3.0.5.RELEASE.jar
87404000-87406000 r--s 00007000 08:05 7472702    /home/adelatorre/.ivy2/cache/org.springframework/org.springframework.aspects/jars/org.springframework.aspects-3.0.5.RELEASE.jar
87406000-8740f000 r--s 00046000 08:05 7472700    /home/adelatorre/.ivy2/cache/org.springframework/org.springframework.aop/jars/org.springframework.aop-3.0.5.RELEASE.jar
8740f000-87418000 r--s 00055000 08:05 7472698    /home/adelatorre/.ivy2/cache/org.springframework/org.springframework.core/jars/org.springframework.core-3.0.5.RELEASE.jar
87418000-8741a000 r--s 0000d000 08:05 7472696    /home/adelatorre/.ivy2/cache/org.grails/grails-spring/jars/grails-spring-1.3.7.jar
8741a000-87425000 r--s 0008a000 08:05 7472694    /home/adelatorre/.ivy2/cache/org.grails/grails-gorm/jars/grails-gorm-1.3.7.jar
87425000-87427000 r--s 0000d000 08:05 7472692    /home/adelatorre/.ivy2/cache/org.grails/grails-crud/jars/grails-crud-1.3.7.jar
87427000-8742d000 r--s 00027000 08:05 7472690    /home/adelatorre/.ivy2/cache/opensymphony/sitemesh/jars/sitemesh-2.4.jar
8742d000-87430000 r--s 0000a000 08:05 7472688    /home/adelatorre/.ivy2/cache/org.hibernate/ejb3-persistence/jars/ejb3-persistence-1.0.2.GA.jar
87430000-87432000 r--s 00002000 08:05 7472686    /home/adelatorre/.ivy2/cache/javax.transaction/jta/jars/jta-1.1.jar
87432000-87436000 r--s 0003c000 08:05 7472684    /home/adelatorre/.ivy2/cache/commons-lang/commons-lang/jars/commons-lang-2.4.jar
87436000-87439000 r--s 00018000 08:05 7472682    /home/adelatorre/.ivy2/cache/commons-io/commons-io/jars/commons-io-1.4.jar
87439000-87447000 r--s 0007f000 08:05 7472680    /home/adelatorre/.ivy2/cache/commons-collections/commons-collections/jars/commons-collections-3.2.1.jar
87447000-87449000 r--s 0000d000 08:05 7472678    /home/adelatorre/.ivy2/cache/commons-codec/commons-codec/jars/commons-codec-1.4.jar
87449000-8744b000 r--s 00000000 08:05 7472676    /home/adelatorre/.ivy2/cache/aopalliance/aopalliance/jars/aopalliance-1.0.jar
8744b000-8744e000 r--s 0001f000 08:05 7472674    /home/adelatorre/.ivy2/cache/commons-validator/commons-validator/jars/commons-validator-1.3.1.jar
8744e000-87451000 r--s 00019000 08:05 7472672    /home/adelatorre/.ivy2/cache/commons-el/commons-el/jars/commons-el-1.0.jar
87451000-87456000 r--s 00034000 08:05 7472670    /home/adelatorre/.ivy2/cache/commons-beanutils/commons-beanutils/jars/commons-beanutils-1.8.0.jar
87456000-874aa000 r--s 00516000 08:05 7472668    /home/adelatorre/.ivy2/cache/org.codehaus.groovy/groovy-all/jars/groovy-all-1.7.8.jar
874aa000-874ad000 r--s 00016000 08:05 7472400    /home/adelatorre/.ivy2/cache/javax.servlet/jsp-api/jars/jsp-api-2.1.jar
874ad000-874b0000 r--s 0001e000 08:05 7472398    /home/adelatorre/.ivy2/cache/javax.servlet/servlet-api/jars/servlet-api-2.5.jar
874b0000-874b2000 r--s 00008000 08:05 7472389    /home/adelatorre/.ivy2/cache/com.googlecode.concurrentlinkedhashmap/concurrentlinkedhashmap-lru/jars/concurrentlinkedhashmap-lru-1.0_jdk5.jar
874b2000-874b8000 r--s 0002d000 08:05 7472387    /home/adelatorre/.ivy2/cache/org.springframework/org.springframework.test/jars/org.springframework.test-3.0.5.RELEASE.jar
874b8000-874b9000 r--s 00002000 08:05 7472385    /home/adelatorre/.ivy2/cache/org.slf4j/slf4j-log4j12/jars/slf4j-log4j12-1.5.8.jar
874b9000-874ba000 r--s 00005000 08:05 7472383    /home/adelatorre/.ivy2/cache/org.slf4j/slf4j-api/jars/slf4j-api-1.5.8.jar
874ba000-874d4000 r--s 001a7000 08:05 7472381    /home/adelatorre/.ivy2/cache/org.grails/grails-web/jars/grails-web-1.3.7.jar
874d4000-874d6000 r--s 00031000 08:05 7472379    /home/adelatorre/.ivy2/cache/org.grails/grails-resources/jars/grails-resources-1.3.7.jar
874d6000-874e5000 r--s 000c8000 08:05 7472377    /home/adelatorre/.ivy2/cache/org.grails/grails-core/jars/grails-core-1.3.7.jar
874e5000-874f1000 r--s 0012d000 08:05 7472375    /home/adelatorre/.ivy2/cache/org.grails/grails-scripts/jars/grails-scripts-1.3.7.jar
874f1000-874f5000 r--s 00045000 08:05 7472373    /home/adelatorre/.ivy2/cache/org.grails/grails-bootstrap/jars/grails-bootstrap-1.3.7.jar
874f5000-874f8000 r--s 00033000 08:05 7472371    /home/adelatorre/.ivy2/cache/org.grails/grails-docs/jars/grails-docs-1.3.7.jar
874f8000-87500000 r--s 00062000 08:05 7472361    /home/adelatorre/.ivy2/cache/org.apache.ant/ant-nodeps/jars/ant-nodeps-1.7.1.jar
87500000-875fa000 rw-p 00000000 00:00 0 
875fa000-87600000 ---p 00000000 00:00 0 
87600000-87700000 rw-p 00000000 00:00 0 
87700000-877fe000 rw-p 00000000 00:00 0 
877fe000-87800000 ---p 00000000 00:00 0 
87800000-87814000 r--s 0012f000 08:05 7472355    /home/adelatorre/.ivy2/cache/org.apache.ant/ant/jars/ant-1.7.1.jar
87814000-8782a000 r--s 001b3000 08:05 7472353    /home/adelatorre/.ivy2/cache/org.tmatesoft.svnkit/svnkit/jars/svnkit-1.3.1.jar
8782a000-8782d000 ---p 00000000 00:00 0 
8782d000-8787b000 rw-p 00000000 00:00 0 
8787b000-8787e000 ---p 00000000 00:00 0 
8787e000-878cc000 rw-p 00000000 00:00 0 
878cc000-8792b000 r--s 00d86000 08:05 1837057    /usr/lib/jvm/java-6-openjdk/lib/tools.jar
8792b000-8797f000 r--s 00516000 08:05 1970480    /usr/share/grails/1.3.7/lib/groovy-all-1.7.8.jar
8797f000-87980000 ---p 00000000 00:00 0 
87980000-87a00000 rw-p 00000000 00:00 0 
87a00000-87afa000 rw-p 00000000 00:00 0 
87afa000-87b00000 ---p 00000000 00:00 0 
87b00000-87b03000 r--s 00041000 08:05 7472369    /home/adelatorre/.ivy2/cache/xalan/serializer/jars/serializer-2.7.1.jar
87b03000-87b05000 r--s 00008000 08:05 7472367    /home/adelatorre/.ivy2/cache/org.fusesource.jansi/jansi/jars/jansi-1.2.1.jar
87b05000-87b07000 r--s 00014000 08:05 7472365    /home/adelatorre/.ivy2/cache/jline/jline/jars/jline-0.9.94.jar
87b07000-87b09000 r--s 00015000 08:05 7472359    /home/adelatorre/.ivy2/cache/org.apache.ant/ant-junit/jars/ant-junit-1.7.1.jar
87b09000-87b10000 r--s 0005a000 08:05 7472351    /home/adelatorre/.ivy2/cache/org.codehaus.gpars/gpars/jars/gpars-0.9.jar
87b10000-87b24000 r--s 0012f000 08:05 1970542    /usr/share/grails/1.3.7/lib/ant-1.7.1.jar
87b24000-87b29000 r--s 00049000 08:05 1970496    /usr/share/grails/1.3.7/lib/gant_groovy1.7-1.9.2.jar
87b29000-87b38000 r--s 000d9000 08:05 1970510    /usr/share/grails/1.3.7/lib/ivy-2.2.0.jar
87b38000-87b3f000 r--s 0005a000 08:05 1970535    /usr/share/grails/1.3.7/lib/gpars-0.9.jar
87b3f000-87b42000 ---p 00000000 00:00 0 
87b42000-87b90000 rw-p 00000000 00:00 0 
87b90000-87b93000 ---p 00000000 00:00 0 
87b93000-87c11000 rw-p 00000000 00:00 0 
87c11000-87c14000 ---p 00000000 00:00 0 
87c14000-87c92000 rw-p 00000000 00:00 0 
87c92000-87c95000 ---p 00000000 00:00 0 
87c95000-87ce3000 rw-p 00000000 00:00 0 
87ce3000-87e03000 r--p 002a3000 08:05 788830     /usr/lib/locale/locale-archive
87e03000-88003000 r--p 00000000 08:05 788830     /usr/lib/locale/locale-archive
88003000-88006000 ---p 00000000 00:00 0 
88006000-88054000 rw-p 00000000 00:00 0 
88054000-88057000 ---p 00000000 00:00 0 
88057000-880a5000 rw-p 00000000 00:00 0 
880a5000-880a6000 ---p 00000000 00:00 0 
880a6000-88126000 rw-p 00000000 00:00 0 
88126000-88128000 r--s 0001d000 08:05 1048719    /usr/lib/jvm/java-6-openjdk/jre/lib/plugin.jar
88128000-8812d000 r--s 00045000 08:05 1048727    /usr/lib/jvm/java-6-openjdk/jre/lib/netx.jar
8812d000-88160000 rw-p 00000000 00:00 0 
88160000-882f0000 r--s 038c5000 08:05 1048813    /usr/lib/jvm/java-6-openjdk/jre/lib/rt.jar
882f0000-882f1000 ---p 00000000 00:00 0 
882f1000-88371000 rw-p 00000000 00:00 0 
88371000-88372000 ---p 00000000 00:00 0 
88372000-883f2000 rw-p 00000000 00:00 0 
883f2000-883f3000 ---p 00000000 00:00 0 
883f3000-88473000 rw-p 00000000 00:00 0 
88473000-88474000 ---p 00000000 00:00 0 
88474000-88518000 rw-p 00000000 00:00 0 
88518000-88554000 rw-p 00000000 00:00 0 
88554000-8858a000 rw-p 00000000 00:00 0 
8858a000-885ff000 rw-p 00000000 00:00 0 
885ff000-88623000 rw-p 00000000 00:00 0 
88623000-8865f000 rw-p 00000000 00:00 0 
8865f000-88695000 rw-p 00000000 00:00 0 
88695000-88709000 rw-p 00000000 00:00 0 
88709000-8875f000 rw-p 00000000 00:00 0 
8875f000-8cde0000 rw-p 00000000 00:00 0 
8cde0000-94760000 rw-p 00000000 00:00 0 
94760000-9b2d0000 rw-p 00000000 00:00 0 
9b2d0000-a9cc0000 rw-p 00000000 00:00 0 
a9cc0000-b4760000 rw-p 00000000 00:00 0 
b4760000-b4761000 r--s 00001000 08:05 7472363    /home/adelatorre/.ivy2/cache/org.apache.ant/ant-trax/jars/ant-trax-1.7.1.jar
b4761000-b4762000 r--s 00002000 08:05 7472357    /home/adelatorre/.ivy2/cache/org.apache.ant/ant-launcher/jars/ant-launcher-1.7.1.jar
b4762000-b4764000 r--s 00001000 08:05 1048792    /usr/lib/jvm/java-6-openjdk/jre/lib/ext/dnsns.jar
b4764000-b476c000 r--s 00066000 08:05 1185433    /usr/share/java/gnome-java-bridge.jar
b476c000-b477c000 rw-p 00000000 00:00 0 
b477c000-b482c000 rw-p 00000000 00:00 0 
b482c000-b4c2c000 rwxp 00000000 00:00 0 
b4c2c000-b782c000 rw-p 00000000 00:00 0 
b782c000-b782f000 ---p 00000000 00:00 0 
b782f000-b7880000 rw-p 00000000 00:00 0 
b7880000-b7883000 r--s 0007d000 08:05 1048709    /usr/lib/jvm/java-6-openjdk/jre/lib/jsse.jar
b7883000-b7887000 r--s 00045000 08:05 2108066    /usr/share/grails/1.3.7/dist/grails-bootstrap-1.3.7.jar
b7887000-b788a000 r--s 0000f000 08:05 1048802    /usr/lib/jvm/java-6-openjdk/jre/lib/ext/pulse-java.jar
b788a000-b7892000 rw-s 00000000 08:05 9961512    /tmp/hsperfdata_adelatorre/2109
b7892000-b7893000 rw-p 00000000 00:00 0 
b7893000-b7894000 r--p 00000000 00:00 0 
b7894000-b7896000 rw-p 00000000 00:00 0 
bfd21000-bfd43000 rw-p 00000000 00:00 0          [stack]

VM Arguments:
jvm_args: -Xmx512M -XX:MaxPermSize=192m -Dfile.encoding=UTF-8 -Dhttp.proxyHost=10.200.1.68 -Dhttp.nonProxyHosts=git.ml.com|internal.ml.com|*.ml.com|10.100.34.*|localhost|db1.mongo.gz|10.100.34.144|10.4.0.169|10.100.34.166|10.100.34.84|209.225.11.99 -Dgrails.home=/usr/share/grails/1.3.7 -Dtools.jar=/usr/lib/jvm/java-6-openjdk/lib/tools.jar 
java_command: org.codehaus.groovy.grails.cli.support.GrailsStarter --main org.codehaus.groovy.grails.cli.GrailsScriptRunner --conf /usr/share/grails/1.3.7/conf/groovy-starter.conf --classpath  run-app
Launcher Type: SUN_STANDARD

Environment Variables:
JAVA_HOME=/usr/lib/jvm/java-6-openjdk
PATH=/usr/local/sbin:/usr/local/bin:/usr/sbin:/usr/bin:/sbin:/bin:/usr/games:/home/adelatorre/software/jdk/bin:/home/adelatorre/proyectos/enviroment/grails/bin:/usr/lib/oracle/xe/app/oracle/product/10.2.0/server/bin
USERNAME=adelatorre
LD_LIBRARY_PATH=/usr/lib/jvm/java-6-openjdk/jre/lib/i386/server:/usr/lib/jvm/java-6-openjdk/jre/lib/i386:/usr/lib/jvm/java-6-openjdk/jre/../lib/i386
SHELL=/bin/bash
DISPLAY=:0.0

Signal Handlers:
SIGSEGV: [libjvm.so+0x6498a0], sa_mask[0]=0x7ffbfeff, sa_flags=0x10000004
SIGBUS: [libjvm.so+0x6498a0], sa_mask[0]=0x7ffbfeff, sa_flags=0x10000004
SIGFPE: [libjvm.so+0x51bb40], sa_mask[0]=0x7ffbfeff, sa_flags=0x10000004
SIGPIPE: [libjvm.so+0x51bb40], sa_mask[0]=0x7ffbfeff, sa_flags=0x10000004
SIGXFSZ: [libjvm.so+0x51bb40], sa_mask[0]=0x7ffbfeff, sa_flags=0x10000004
SIGILL: [libjvm.so+0x51bb40], sa_mask[0]=0x7ffbfeff, sa_flags=0x10000004
SIGUSR1: SIG_DFL, sa_mask[0]=0x00000000, sa_flags=0x00000000
SIGUSR2: [libjvm.so+0x51b1f0], sa_mask[0]=0x00000000, sa_flags=0x10000004
SIGHUP: [libjvm.so+0x51dd60], sa_mask[0]=0x7ffbfeff, sa_flags=0x10000004
SIGINT: [libjvm.so+0x51dd60], sa_mask[0]=0x7ffbfeff, sa_flags=0x10000004
SIGTERM: [libjvm.so+0x51dd60], sa_mask[0]=0x7ffbfeff, sa_flags=0x10000004
SIGQUIT: [libjvm.so+0x51dd60], sa_mask[0]=0x7ffbfeff, sa_flags=0x10000004


---------------  S Y S T E M  ---------------

OS:Ubuntu 10.10 (maverick)
uname:Linux 2.6.35-32-generic #67-Ubuntu SMP Mon Mar 5 19:35:26 UTC 2012 i686
libc:glibc 2.12.1 NPTL 2.12.1 
rlimit: STACK 8192k, CORE 0k, NPROC infinity, NOFILE 1024, AS infinity
load average:1.30 1.03 0.54

/proc/meminfo:
MemTotal:        3538964 kB
MemFree:         2347252 kB
Buffers:           92392 kB
Cached:           455364 kB
SwapCached:            0 kB
Active:           624264 kB
Inactive:         481492 kB
Active(anon):     559444 kB
Inactive(anon):    64440 kB
Active(file):      64820 kB
Inactive(file):   417052 kB
Unevictable:          64 kB
Mlocked:              64 kB
HighTotal:       2685316 kB
HighFree:        1657232 kB
LowTotal:         853648 kB
LowFree:          690020 kB
SwapTotal:       7973884 kB
SwapFree:        7973884 kB
Dirty:               132 kB
Writeback:             0 kB
AnonPages:        558076 kB
Mapped:            88732 kB
Shmem:             65876 kB
Slab:              33196 kB
SReclaimable:      17360 kB
SUnreclaim:        15836 kB
KernelStack:        2912 kB
PageTables:         5400 kB
NFS_Unstable:          0 kB
Bounce:                0 kB
WritebackTmp:          0 kB
CommitLimit:     9743364 kB
Committed_AS:    1430936 kB
VmallocTotal:     122880 kB
VmallocUsed:       43260 kB
VmallocChunk:      68788 kB
HardwareCorrupted:     0 kB
HugePages_Total:       0
HugePages_Free:        0
HugePages_Rsvd:        0
HugePages_Surp:        0
Hugepagesize:       4096 kB
DirectMap4k:       16376 kB
DirectMap4M:      892928 kB


CPU:total 4 (2 cores per cpu, 2 threads per core) family 6 model 37 stepping 5, cmov, cx8, fxsr, mmx, sse, sse2, sse3, ssse3, sse4.1, sse4.2, popcnt, ht

Memory: 4k page, physical 3538964k(2347252k free), swap 7973884k(7973884k free)

vm_info: OpenJDK Server VM (19.0-b09) for linux-x86 JRE (1.6.0_20-b20), built on Feb 18 2012 07:29:49 by "buildd" with gcc 4.4.5

time: Mon Oct 22 06:52:16 2012
elapsed time: 111 seconds

