Welcome to Grails 1.3.7 - http://grails.org/
Licensed under Apache Standard License 2.0
Grails home is set to: /Users/lsperanza/.sdkman/candidates/grails/1.3.7

Base Directory: /Users/lsperanza/Desarrollo/workspace/tesis-unsl
Resolving dependencies...
Dependencies resolved in 944ms.
Running script /Users/lsperanza/.sdkman/candidates/grails/1.3.7/scripts/RunApp.groovy
Environment set to development
     [copy] Copying 1 file to /Users/lsperanza/.grails/1.3.7/projects/tesis-unsl
   [delete] Deleting directory /Users/lsperanza/.grails/1.3.7/projects/tesis-unsl/tomcat
Running Grails application..
18 jul 2019 12:59:10,624 http11.Http11Protocol Initializing Coyote HTTP/1.1 on http-8080
18 jul 2019 12:59:10,624 core.StandardService Starting service Tomcat
18 jul 2019 12:59:10,625 core.StandardEngine Starting Servlet Engine: Apache Tomcat/6.0-snapshot
18 jul 2019 12:59:10,706 startup.ContextConfig No default web.xml
18 jul 2019 12:59:10,818 digester.Digester TLD skipped. URI: http://www.springframework.org/tags is already defined
18 jul 2019 12:59:10,851 digester.Digester TLD skipped. URI: http://java.sun.com/jsp/jstl/core is already defined
18 jul 2019 12:59:10,869 digester.Digester TLD skipped. URI: http://java.sun.com/jsp/jstl/fmt is already defined
18 jul 2019 12:59:10,914 [localhost].[/TesisFullGroovy] Initializing Spring root WebApplicationContext
18 jul 2019 12:59:11,619 spring.BeanBuilder [RuntimeConfiguration] Configuring data source for environment: DEVELOPMENT
18 jul 2019 12:59:12,487 scaffolding.DefaultGrailsTemplateGenerator Scaffolding template generator set to use resource loader org.codehaus.groovy.grails.commons.spring.GrailsWebApplicationContext@6bb0b0a0: startup date [Thu Jul 18 12:59:11 GMT-03:00 2019]; parent: Root WebApplicationContext
18 jul 2019 12:59:13,175 context.GrailsConfigUtils [GrailsContextLoader] Grails application loaded.
18 jul 2019 12:59:13,228 [localhost].[/TesisFullGroovy] Initializing Spring FrameworkServlet 'grails'
18 jul 2019 12:59:13,300 http11.Http11Protocol Starting Coyote HTTP/1.1 on http-8080
Server running. Browse to http://localhost:8080/TesisFullGroovy
18 jul 2019 12:59:18,772 tesis.BasicImplementationController Creando indice con parametros: [pivotsQty:4, initMode:load, pivotStrategy:random_samePivotes, action:initIndex, controller:basicImplementation]
Welcome to Grails 1.3.7 - http://grails.org/
Licensed under Apache Standard License 2.0
Grails home is set to: /Users/lsperanza/.sdkman/candidates/grails/1.3.7

Base Directory: /Users/lsperanza/Desarrollo/workspace/tesis-unsl
Resolving dependencies...
Dependencies resolved in 877ms.
Running script /Users/lsperanza/.sdkman/candidates/grails/1.3.7/scripts/RunApp.groovy
Environment set to development
     [copy] Copying 1 file to /Users/lsperanza/.grails/1.3.7/projects/tesis-unsl
   [delete] Deleting directory /Users/lsperanza/.grails/1.3.7/projects/tesis-unsl/tomcat
Running Grails application..
18 jul 2019 13:00:38,676 http11.Http11Protocol Initializing Coyote HTTP/1.1 on http-8080
18 jul 2019 13:00:38,676 core.StandardService Starting service Tomcat
18 jul 2019 13:00:38,677 core.StandardEngine Starting Servlet Engine: Apache Tomcat/6.0-snapshot
18 jul 2019 13:00:38,761 startup.ContextConfig No default web.xml
18 jul 2019 13:00:38,879 digester.Digester TLD skipped. URI: http://www.springframework.org/tags is already defined
18 jul 2019 13:00:38,912 digester.Digester TLD skipped. URI: http://java.sun.com/jsp/jstl/core is already defined
18 jul 2019 13:00:38,934 digester.Digester TLD skipped. URI: http://java.sun.com/jsp/jstl/fmt is already defined
18 jul 2019 13:00:38,988 [localhost].[/TesisFullGroovy] Initializing Spring root WebApplicationContext
18 jul 2019 13:00:39,673 spring.BeanBuilder [RuntimeConfiguration] Configuring data source for environment: DEVELOPMENT
18 jul 2019 13:00:40,609 scaffolding.DefaultGrailsTemplateGenerator Scaffolding template generator set to use resource loader org.codehaus.groovy.grails.commons.spring.GrailsWebApplicationContext@799ac2e3: startup date [Thu Jul 18 13:00:39 GMT-03:00 2019]; parent: Root WebApplicationContext
18 jul 2019 13:00:41,151 context.GrailsConfigUtils [GrailsContextLoader] Grails application loaded.
18 jul 2019 13:00:41,204 [localhost].[/TesisFullGroovy] Initializing Spring FrameworkServlet 'grails'
18 jul 2019 13:00:41,278 http11.Http11Protocol Starting Coyote HTTP/1.1 on http-8080
Server running. Browse to http://localhost:8080/TesisFullGroovy
18 jul 2019 13:00:47,519 tesis.BasicImplementationController Creando indice con parametros: [pivotsQty:4, initMode:load, pivotStrategy:random_samePivotes, action:initIndex, controller:basicImplementation]
18 jul 2019 13:02:54,058 tesis.IndexManager random_samePivotes_4|index_creation_from_file|126529
18 jul 2019 13:02:54,281 [localhost].[/TesisFullGroovy] Initializing Spring FrameworkServlet 'gsp'
18 jul 2019 13:02:54,281 [localhost].[/TesisFullGroovy] GSP servlet initialized
18 jul 2019 13:02:55,102 tesis.SearchService random_samePivotes_4|secuential|27|252|162|2134|1|2134|9484Animales_Otros|ROFFLES PELUCHES REGALO PERRO GATO CHANGO RM4
18 jul 2019 13:02:55,284 tesis.SearchService random_samePivotes_4|using_index_rank|27|105|99|2084|1|2134|9484Animales_Otros|ROFFLES PELUCHES REGALO PERRO GATO CHANGO RM4
18 jul 2019 13:02:55,970 tesis.SearchService random_samePivotes_4|using_index_knn_radio|30|566|508|2134|10|2134|9484Animales_Otros|ROFFLES PELUCHES REGALO PERRO GATO CHANGO RM4
18 jul 2019 13:02:56,030 tesis.SearchService random_samePivotes_4|secuential|27|36|32|2134|2|2134|9484Animales_Otros|PINGUINO BEBE MARCA AURORA CON CHAMARRA ROSA O AZUL
18 jul 2019 13:02:56,097 tesis.SearchService random_samePivotes_4|using_index_rank|27|38|34|1919|2|2134|9484Animales_Otros|PINGUINO BEBE MARCA AURORA CON CHAMARRA ROSA O AZUL
18 jul 2019 13:02:56,535 tesis.SearchService random_samePivotes_4|using_index_knn_radio|34|391|341|2134|10|2134|9484Animales_Otros|PINGUINO BEBE MARCA AURORA CON CHAMARRA ROSA O AZUL
18 jul 2019 13:02:56,608 tesis.SearchService random_samePivotes_4|secuential|27|39|35|2134|1|2134|9484Animales_Otros|PELUCHES GIGANTES VARIOS MOD EXCELENTE CALIDAD BARATOS
18 jul 2019 13:02:56,667 tesis.SearchService random_samePivotes_4|using_index_rank|27|31|28|1775|1|2134|9484Animales_Otros|PELUCHES GIGANTES VARIOS MOD EXCELENTE CALIDAD BARATOS
18 jul 2019 13:02:57,104 tesis.SearchService random_samePivotes_4|using_index_knn_radio|34|382|335|2134|10|2134|9484Animales_Otros|PELUCHES GIGANTES VARIOS MOD EXCELENTE CALIDAD BARATOS
18 jul 2019 13:02:57,162 tesis.SearchService random_samePivotes_4|secuential|27|31|27|2134|0|2134|9484Animales_Otros|MI VILLANO FAVORITO 2 PELUCHE DEL PERRO DE GRU KYLE SP0
18 jul 2019 13:02:57,218 tesis.SearchService random_samePivotes_4|using_index_rank|27|30|27|1674|0|2134|9484Animales_Otros|MI VILLANO FAVORITO 2 PELUCHE DEL PERRO DE GRU KYLE SP0
18 jul 2019 13:02:57,638 tesis.SearchService random_samePivotes_4|using_index_knn_radio|37|367|322|2134|10|2134|9484Animales_Otros|MI VILLANO FAVORITO 2 PELUCHE DEL PERRO DE GRU KYLE SP0
18 jul 2019 13:02:57,708 tesis.SearchService random_samePivotes_4|secuential|27|18|9|341|1|341|16308Coleccionables y Hobbies_Chapas y Pines|MEDALLAS EN ACRILICO GRABADO EN LASER PREMIACION TROFEOS
18 jul 2019 13:02:57,740 tesis.SearchService random_samePivotes_4|using_index_rank|27|7|6|312|1|341|16308Coleccionables y Hobbies_Chapas y Pines|MEDALLAS EN ACRILICO GRABADO EN LASER PREMIACION TROFEOS
18 jul 2019 13:02:57,821 tesis.SearchService random_samePivotes_4|using_index_knn_radio|41|58|51|341|10|341|16308Coleccionables y Hobbies_Chapas y Pines|MEDALLAS EN ACRILICO GRABADO EN LASER PREMIACION TROFEOS
18 jul 2019 13:02:57,854 tesis.SearchService random_samePivotes_4|secuential|27|6|5|341|5|341|16308Coleccionables y Hobbies_Chapas y Pines|CHAPAS LLAVEROS DESTAPADORES Y ALFILER PERSONALIZADOS
18 jul 2019 13:02:57,884 tesis.SearchService random_samePivotes_4|using_index_rank|27|7|6|312|5|341|16308Coleccionables y Hobbies_Chapas y Pines|CHAPAS LLAVEROS DESTAPADORES Y ALFILER PERSONALIZADOS
18 jul 2019 13:02:57,977 tesis.SearchService random_samePivotes_4|using_index_knn_radio|30|61|53|341|10|341|16308Coleccionables y Hobbies_Chapas y Pines|CHAPAS LLAVEROS DESTAPADORES Y ALFILER PERSONALIZADOS
18 jul 2019 13:02:58,007 tesis.SearchService random_samePivotes_4|secuential|27|6|5|341|101|341|16308Coleccionables y Hobbies_Chapas y Pines|CHAPAS Y LLAVEROS PERSONALIZADOS
18 jul 2019 13:02:58,037 tesis.SearchService random_samePivotes_4|using_index_rank|27|6|5|341|101|341|16308Coleccionables y Hobbies_Chapas y Pines|CHAPAS Y LLAVEROS PERSONALIZADOS
18 jul 2019 13:02:58,100 tesis.SearchService random_samePivotes_4|using_index_knn_radio|21|33|29|341|10|341|16308Coleccionables y Hobbies_Chapas y Pines|CHAPAS Y LLAVEROS PERSONALIZADOS
18 jul 2019 13:02:58,132 tesis.SearchService random_samePivotes_4|secuential|27|7|6|341|29|341|16308Coleccionables y Hobbies_Chapas y Pines|CHAPAS MUNDIAL BRASIL 2014 AL MAYOR FUTBOL
18 jul 2019 13:02:58,164 tesis.SearchService random_samePivotes_4|using_index_rank|27|7|6|341|29|341|16308Coleccionables y Hobbies_Chapas y Pines|CHAPAS MUNDIAL BRASIL 2014 AL MAYOR FUTBOL
18 jul 2019 13:02:58,225 tesis.SearchService random_samePivotes_4|using_index_knn_radio|28|37|32|341|10|341|16308Coleccionables y Hobbies_Chapas y Pines|CHAPAS MUNDIAL BRASIL 2014 AL MAYOR FUTBOL
18 jul 2019 13:02:58,266 tesis.SearchService random_samePivotes_4|secuential|27|3|1|55|0|55|22918Otras Escalas_Otras Marcas|AVION X TWIN RC F22 DE CONTROL REMOTO
18 jul 2019 13:02:58,295 tesis.SearchService random_samePivotes_4|using_index_rank|27|2|2|55|0|55|22918Otras Escalas_Otras Marcas|AVION X TWIN RC F22 DE CONTROL REMOTO
18 jul 2019 13:02:58,332 tesis.SearchService random_samePivotes_4|using_index_knn_radio|33|11|10|55|10|55|22918Otras Escalas_Otras Marcas|AVION X TWIN RC F22 DE CONTROL REMOTO
18 jul 2019 13:02:58,359 tesis.SearchService random_samePivotes_4|secuential|27|1|1|55|0|55|22918Otras Escalas_Otras Marcas|8 MINI AVIONES MILATES DE FIERRO MIDE 4 CMS EN 160 00 X TODO
18 jul 2019 13:02:58,382 tesis.SearchService random_samePivotes_4|using_index_rank|27|1|1|48|0|55|22918Otras Escalas_Otras Marcas|8 MINI AVIONES MILATES DE FIERRO MIDE 4 CMS EN 160 00 X TODO
18 jul 2019 13:02:58,421 tesis.SearchService random_samePivotes_4|using_index_knn_radio|45|14|12|55|10|55|22918Otras Escalas_Otras Marcas|8 MINI AVIONES MILATES DE FIERRO MIDE 4 CMS EN 160 00 X TODO
Welcome to Grails 1.3.7 - http://grails.org/
Licensed under Apache Standard License 2.0
Grails home is set to: /Users/lsperanza/.sdkman/candidates/grails/1.3.7

Base Directory: /Users/lsperanza/Desarrollo/workspace/tesis-unsl
Resolving dependencies...
Dependencies resolved in 859ms.
Running script /Users/lsperanza/.sdkman/candidates/grails/1.3.7/scripts/RunApp.groovy
Environment set to development
     [copy] Copying 1 file to /Users/lsperanza/.grails/1.3.7/projects/tesis-unsl
   [delete] Deleting directory /Users/lsperanza/.grails/1.3.7/projects/tesis-unsl/tomcat
Running Grails application..
18 jul 2019 13:03:40,863 http11.Http11Protocol Initializing Coyote HTTP/1.1 on http-8080
18 jul 2019 13:03:40,863 core.StandardService Starting service Tomcat
18 jul 2019 13:03:40,865 core.StandardEngine Starting Servlet Engine: Apache Tomcat/6.0-snapshot
18 jul 2019 13:03:40,941 startup.ContextConfig No default web.xml
18 jul 2019 13:03:41,063 digester.Digester TLD skipped. URI: http://www.springframework.org/tags is already defined
18 jul 2019 13:03:41,095 digester.Digester TLD skipped. URI: http://java.sun.com/jsp/jstl/core is already defined
18 jul 2019 13:03:41,116 digester.Digester TLD skipped. URI: http://java.sun.com/jsp/jstl/fmt is already defined
18 jul 2019 13:03:41,199 [localhost].[/TesisFullGroovy] Initializing Spring root WebApplicationContext
18 jul 2019 13:03:41,816 spring.BeanBuilder [RuntimeConfiguration] Configuring data source for environment: DEVELOPMENT
18 jul 2019 13:03:42,800 scaffolding.DefaultGrailsTemplateGenerator Scaffolding template generator set to use resource loader org.codehaus.groovy.grails.commons.spring.GrailsWebApplicationContext@7757fe3d: startup date [Thu Jul 18 13:03:42 GMT-03:00 2019]; parent: Root WebApplicationContext
18 jul 2019 13:03:43,464 context.GrailsConfigUtils [GrailsContextLoader] Grails application loaded.
18 jul 2019 13:03:43,517 [localhost].[/TesisFullGroovy] Initializing Spring FrameworkServlet 'grails'
18 jul 2019 13:03:43,633 http11.Http11Protocol Starting Coyote HTTP/1.1 on http-8080
Server running. Browse to http://localhost:8080/TesisFullGroovy
18 jul 2019 13:03:43,809 tesis.BasicImplementationController Creando indice con parametros: [pivotsQty:4, initMode:load, pivotStrategy:random_samePivotes, action:initIndex, controller:basicImplementation]
18 jul 2019 13:05:37,626 tesis.IndexManager random_samePivotes_4|index_creation_from_file|113806
18 jul 2019 13:05:37,829 [localhost].[/TesisFullGroovy] Initializing Spring FrameworkServlet 'gsp'
18 jul 2019 13:05:37,829 [localhost].[/TesisFullGroovy] GSP servlet initialized
18 jul 2019 13:05:38,572 tesis.SearchService random_samePivotes_4|secuential|27|257|191|2134|1|2134|9484Animales_Otros|ROFFLES PELUCHES REGALO PERRO GATO CHANGO RM4
18 jul 2019 13:05:38,767 tesis.SearchService random_samePivotes_4|using_index_rank|27|132|126|2084|1|2134|9484Animales_Otros|ROFFLES PELUCHES REGALO PERRO GATO CHANGO RM4
18 jul 2019 13:05:39,347 tesis.SearchService random_samePivotes_4|using_index_knn_radio|30|490|440|2134|10|2134|9484Animales_Otros|ROFFLES PELUCHES REGALO PERRO GATO CHANGO RM4
18 jul 2019 13:05:39,410 tesis.SearchService random_samePivotes_4|secuential|27|36|32|2134|2|2134|9484Animales_Otros|PINGUINO BEBE MARCA AURORA CON CHAMARRA ROSA O AZUL
18 jul 2019 13:05:39,472 tesis.SearchService random_samePivotes_4|using_index_rank|27|39|34|1919|2|2134|9484Animales_Otros|PINGUINO BEBE MARCA AURORA CON CHAMARRA ROSA O AZUL
18 jul 2019 13:05:39,916 tesis.SearchService random_samePivotes_4|using_index_knn_radio|34|396|349|2134|10|2134|9484Animales_Otros|PINGUINO BEBE MARCA AURORA CON CHAMARRA ROSA O AZUL
18 jul 2019 13:05:39,974 tesis.SearchService random_samePivotes_4|secuential|27|36|31|2134|1|2134|9484Animales_Otros|PELUCHES GIGANTES VARIOS MOD EXCELENTE CALIDAD BARATOS
18 jul 2019 13:05:40,039 tesis.SearchService random_samePivotes_4|using_index_rank|27|35|32|1775|1|2134|9484Animales_Otros|PELUCHES GIGANTES VARIOS MOD EXCELENTE CALIDAD BARATOS
18 jul 2019 13:05:40,444 tesis.SearchService random_samePivotes_4|using_index_knn_radio|34|359|316|2134|10|2134|9484Animales_Otros|PELUCHES GIGANTES VARIOS MOD EXCELENTE CALIDAD BARATOS
18 jul 2019 13:05:40,503 tesis.SearchService random_samePivotes_4|secuential|27|31|28|2134|0|2134|9484Animales_Otros|MI VILLANO FAVORITO 2 PELUCHE DEL PERRO DE GRU KYLE SP0
18 jul 2019 13:05:40,557 tesis.SearchService random_samePivotes_4|using_index_rank|27|31|28|1674|0|2134|9484Animales_Otros|MI VILLANO FAVORITO 2 PELUCHE DEL PERRO DE GRU KYLE SP0
18 jul 2019 13:05:41,051 tesis.SearchService random_samePivotes_4|using_index_knn_radio|37|428|376|2134|10|2134|9484Animales_Otros|MI VILLANO FAVORITO 2 PELUCHE DEL PERRO DE GRU KYLE SP0
18 jul 2019 13:05:41,163 tesis.SearchService random_samePivotes_4|secuential|27|33|15|341|1|341|16308Coleccionables y Hobbies_Chapas y Pines|MEDALLAS EN ACRILICO GRABADO EN LASER PREMIACION TROFEOS
18 jul 2019 13:05:41,196 tesis.SearchService random_samePivotes_4|using_index_rank|27|7|6|312|1|341|16308Coleccionables y Hobbies_Chapas y Pines|MEDALLAS EN ACRILICO GRABADO EN LASER PREMIACION TROFEOS
18 jul 2019 13:05:41,282 tesis.SearchService random_samePivotes_4|using_index_knn_radio|41|60|54|341|10|341|16308Coleccionables y Hobbies_Chapas y Pines|MEDALLAS EN ACRILICO GRABADO EN LASER PREMIACION TROFEOS
18 jul 2019 13:05:41,313 tesis.SearchService random_samePivotes_4|secuential|27|6|6|341|5|341|16308Coleccionables y Hobbies_Chapas y Pines|CHAPAS LLAVEROS DESTAPADORES Y ALFILER PERSONALIZADOS
18 jul 2019 13:05:41,344 tesis.SearchService random_samePivotes_4|using_index_rank|27|7|6|312|5|341|16308Coleccionables y Hobbies_Chapas y Pines|CHAPAS LLAVEROS DESTAPADORES Y ALFILER PERSONALIZADOS
18 jul 2019 13:05:41,444 tesis.SearchService random_samePivotes_4|using_index_knn_radio|30|66|58|341|10|341|16308Coleccionables y Hobbies_Chapas y Pines|CHAPAS LLAVEROS DESTAPADORES Y ALFILER PERSONALIZADOS
18 jul 2019 13:05:41,473 tesis.SearchService random_samePivotes_4|secuential|27|5|5|341|101|341|16308Coleccionables y Hobbies_Chapas y Pines|CHAPAS Y LLAVEROS PERSONALIZADOS
18 jul 2019 13:05:41,503 tesis.SearchService random_samePivotes_4|using_index_rank|27|8|7|341|101|341|16308Coleccionables y Hobbies_Chapas y Pines|CHAPAS Y LLAVEROS PERSONALIZADOS
18 jul 2019 13:05:41,557 tesis.SearchService random_samePivotes_4|using_index_knn_radio|21|29|26|341|10|341|16308Coleccionables y Hobbies_Chapas y Pines|CHAPAS Y LLAVEROS PERSONALIZADOS
18 jul 2019 13:05:41,586 tesis.SearchService random_samePivotes_4|secuential|27|6|5|341|29|341|16308Coleccionables y Hobbies_Chapas y Pines|CHAPAS MUNDIAL BRASIL 2014 AL MAYOR FUTBOL
18 jul 2019 13:05:41,615 tesis.SearchService random_samePivotes_4|using_index_rank|27|6|5|341|29|341|16308Coleccionables y Hobbies_Chapas y Pines|CHAPAS MUNDIAL BRASIL 2014 AL MAYOR FUTBOL
18 jul 2019 13:05:41,679 tesis.SearchService random_samePivotes_4|using_index_knn_radio|28|36|33|341|10|341|16308Coleccionables y Hobbies_Chapas y Pines|CHAPAS MUNDIAL BRASIL 2014 AL MAYOR FUTBOL
18 jul 2019 13:05:41,708 tesis.SearchService random_samePivotes_4|secuential|27|2|1|55|0|55|22918Otras Escalas_Otras Marcas|AVION X TWIN RC F22 DE CONTROL REMOTO
18 jul 2019 13:05:41,733 tesis.SearchService random_samePivotes_4|using_index_rank|27|2|2|55|0|55|22918Otras Escalas_Otras Marcas|AVION X TWIN RC F22 DE CONTROL REMOTO
18 jul 2019 13:05:41,770 tesis.SearchService random_samePivotes_4|using_index_knn_radio|33|12|11|55|10|55|22918Otras Escalas_Otras Marcas|AVION X TWIN RC F22 DE CONTROL REMOTO
18 jul 2019 13:05:41,795 tesis.SearchService random_samePivotes_4|secuential|27|2|1|55|0|55|22918Otras Escalas_Otras Marcas|8 MINI AVIONES MILATES DE FIERRO MIDE 4 CMS EN 160 00 X TODO
18 jul 2019 13:05:41,821 tesis.SearchService random_samePivotes_4|using_index_rank|27|2|2|48|0|55|22918Otras Escalas_Otras Marcas|8 MINI AVIONES MILATES DE FIERRO MIDE 4 CMS EN 160 00 X TODO
18 jul 2019 13:05:41,856 tesis.SearchService random_samePivotes_4|using_index_knn_radio|45|10|9|55|10|55|22918Otras Escalas_Otras Marcas|8 MINI AVIONES MILATES DE FIERRO MIDE 4 CMS EN 160 00 X TODO
Welcome to Grails 1.3.7 - http://grails.org/
Licensed under Apache Standard License 2.0
Grails home is set to: /Users/lsperanza/.sdkman/candidates/grails/1.3.7

Base Directory: /Users/lsperanza/Desarrollo/workspace/tesis-unsl
Resolving dependencies...
Dependencies resolved in 655ms.
Running script /Users/lsperanza/.sdkman/candidates/grails/1.3.7/scripts/RunApp.groovy
Environment set to development
     [copy] Copying 1 file to /Users/lsperanza/.grails/1.3.7/projects/tesis-unsl
   [delete] Deleting directory /Users/lsperanza/.grails/1.3.7/projects/tesis-unsl/tomcat
Running Grails application..
18 jul 2019 14:27:35,106 http11.Http11Protocol Initializing Coyote HTTP/1.1 on http-8080
18 jul 2019 14:27:35,106 core.StandardService Starting service Tomcat
18 jul 2019 14:27:35,107 core.StandardEngine Starting Servlet Engine: Apache Tomcat/6.0-snapshot
18 jul 2019 14:27:35,208 startup.ContextConfig No default web.xml
18 jul 2019 14:27:35,335 digester.Digester TLD skipped. URI: http://www.springframework.org/tags is already defined
18 jul 2019 14:27:35,358 digester.Digester TLD skipped. URI: http://java.sun.com/jsp/jstl/core is already defined
18 jul 2019 14:27:35,378 digester.Digester TLD skipped. URI: http://java.sun.com/jsp/jstl/fmt is already defined
18 jul 2019 14:27:35,427 [localhost].[/TesisFullGroovy] Initializing Spring root WebApplicationContext
18 jul 2019 14:27:36,248 spring.BeanBuilder [RuntimeConfiguration] Configuring data source for environment: DEVELOPMENT
18 jul 2019 14:27:37,742 scaffolding.DefaultGrailsTemplateGenerator Scaffolding template generator set to use resource loader org.codehaus.groovy.grails.commons.spring.GrailsWebApplicationContext@3358fd70: startup date [Thu Jul 18 14:27:36 GMT-03:00 2019]; parent: Root WebApplicationContext
18 jul 2019 14:27:38,607 context.GrailsConfigUtils [GrailsContextLoader] Grails application loaded.
18 jul 2019 14:27:38,694 [localhost].[/TesisFullGroovy] Initializing Spring FrameworkServlet 'grails'
18 jul 2019 14:27:38,777 http11.Http11Protocol Starting Coyote HTTP/1.1 on http-8080
Server running. Browse to http://localhost:8080/TesisFullGroovy
18 jul 2019 14:27:43,351 tesis.BasicImplementationController Creando indice con parametros: [pivotsQty:4, initMode:load, pivotStrategy:random_samePivotes, action:initIndex, controller:basicImplementation]
18 jul 2019 14:29:41,048 tesis.IndexManager random_samePivotes_4|index_creation_from_file|117687
18 jul 2019 14:29:41,303 [localhost].[/TesisFullGroovy] Initializing Spring FrameworkServlet 'gsp'
18 jul 2019 14:29:41,303 [localhost].[/TesisFullGroovy] GSP servlet initialized
18 jul 2019 14:29:42,027 tesis.SearchService random_samePivotes_4|secuential|27|211|142|2134|1|2134|9484Animales_Otros|ROFFLES PELUCHES REGALO PERRO GATO CHANGO RM4
18 jul 2019 14:29:42,189 tesis.SearchService random_samePivotes_4|using_index_rank|27|113|105|2084|1|2134|9484Animales_Otros|ROFFLES PELUCHES REGALO PERRO GATO CHANGO RM4
18 jul 2019 14:29:42,336 tesis.SearchService random_samePivotes_4|using_index_knn_radio|27|98|92|2084|1|2134|9484Animales_Otros|ROFFLES PELUCHES REGALO PERRO GATO CHANGO RM4
18 jul 2019 14:29:42,411 tesis.SearchService random_samePivotes_4|secuential|27|51|46|2134|2|2134|9484Animales_Otros|PINGUINO BEBE MARCA AURORA CON CHAMARRA ROSA O AZUL
18 jul 2019 14:29:42,480 tesis.SearchService random_samePivotes_4|using_index_rank|27|47|43|1919|2|2134|9484Animales_Otros|PINGUINO BEBE MARCA AURORA CON CHAMARRA ROSA O AZUL
18 jul 2019 14:29:42,576 tesis.SearchService random_samePivotes_4|using_index_knn_radio|27|59|54|1919|2|2134|9484Animales_Otros|PINGUINO BEBE MARCA AURORA CON CHAMARRA ROSA O AZUL
18 jul 2019 14:29:42,639 tesis.SearchService random_samePivotes_4|secuential|27|38|34|2134|1|2134|9484Animales_Otros|PELUCHES GIGANTES VARIOS MOD EXCELENTE CALIDAD BARATOS
18 jul 2019 14:29:42,695 tesis.SearchService random_samePivotes_4|using_index_rank|27|30|27|1775|1|2134|9484Animales_Otros|PELUCHES GIGANTES VARIOS MOD EXCELENTE CALIDAD BARATOS
18 jul 2019 14:29:42,771 tesis.SearchService random_samePivotes_4|using_index_knn_radio|27|43|40|1775|1|2134|9484Animales_Otros|PELUCHES GIGANTES VARIOS MOD EXCELENTE CALIDAD BARATOS
18 jul 2019 14:29:42,827 tesis.SearchService random_samePivotes_4|secuential|27|31|27|2134|0|2134|9484Animales_Otros|MI VILLANO FAVORITO 2 PELUCHE DEL PERRO DE GRU KYLE SP0
18 jul 2019 14:29:42,882 tesis.SearchService random_samePivotes_4|using_index_rank|27|31|27|1674|0|2134|9484Animales_Otros|MI VILLANO FAVORITO 2 PELUCHE DEL PERRO DE GRU KYLE SP0
18 jul 2019 14:29:42,911 tesis.SearchService random_samePivotes_4|using_index_knn_radio|0|3|2|0|0|2134|9484Animales_Otros|MI VILLANO FAVORITO 2 PELUCHE DEL PERRO DE GRU KYLE SP0
18 jul 2019 14:29:42,993 tesis.SearchService random_samePivotes_4|secuential|27|24|11|341|1|341|16308Coleccionables y Hobbies_Chapas y Pines|MEDALLAS EN ACRILICO GRABADO EN LASER PREMIACION TROFEOS
18 jul 2019 14:29:43,026 tesis.SearchService random_samePivotes_4|using_index_rank|27|7|6|312|1|341|16308Coleccionables y Hobbies_Chapas y Pines|MEDALLAS EN ACRILICO GRABADO EN LASER PREMIACION TROFEOS
18 jul 2019 14:29:43,062 tesis.SearchService random_samePivotes_4|using_index_knn_radio|27|11|10|312|1|341|16308Coleccionables y Hobbies_Chapas y Pines|MEDALLAS EN ACRILICO GRABADO EN LASER PREMIACION TROFEOS
18 jul 2019 14:29:43,096 tesis.SearchService random_samePivotes_4|secuential|27|7|6|341|5|341|16308Coleccionables y Hobbies_Chapas y Pines|CHAPAS LLAVEROS DESTAPADORES Y ALFILER PERSONALIZADOS
18 jul 2019 14:29:43,125 tesis.SearchService random_samePivotes_4|using_index_rank|27|6|6|312|5|341|16308Coleccionables y Hobbies_Chapas y Pines|CHAPAS LLAVEROS DESTAPADORES Y ALFILER PERSONALIZADOS
18 jul 2019 14:29:43,160 tesis.SearchService random_samePivotes_4|using_index_knn_radio|27|9|9|312|5|341|16308Coleccionables y Hobbies_Chapas y Pines|CHAPAS LLAVEROS DESTAPADORES Y ALFILER PERSONALIZADOS
18 jul 2019 14:29:43,198 tesis.SearchService random_samePivotes_4|secuential|27|6|5|341|101|341|16308Coleccionables y Hobbies_Chapas y Pines|CHAPAS Y LLAVEROS PERSONALIZADOS
18 jul 2019 14:29:43,225 tesis.SearchService random_samePivotes_4|using_index_rank|27|5|5|341|101|341|16308Coleccionables y Hobbies_Chapas y Pines|CHAPAS Y LLAVEROS PERSONALIZADOS
18 jul 2019 14:29:43,259 tesis.SearchService random_samePivotes_4|using_index_knn_radio|27|9|9|341|101|341|16308Coleccionables y Hobbies_Chapas y Pines|CHAPAS Y LLAVEROS PERSONALIZADOS
18 jul 2019 14:29:43,290 tesis.SearchService random_samePivotes_4|secuential|27|7|5|341|29|341|16308Coleccionables y Hobbies_Chapas y Pines|CHAPAS MUNDIAL BRASIL 2014 AL MAYOR FUTBOL
18 jul 2019 14:29:43,318 tesis.SearchService random_samePivotes_4|using_index_rank|27|6|6|341|29|341|16308Coleccionables y Hobbies_Chapas y Pines|CHAPAS MUNDIAL BRASIL 2014 AL MAYOR FUTBOL
18 jul 2019 14:29:43,350 tesis.SearchService random_samePivotes_4|using_index_knn_radio|27|9|8|341|29|341|16308Coleccionables y Hobbies_Chapas y Pines|CHAPAS MUNDIAL BRASIL 2014 AL MAYOR FUTBOL
18 jul 2019 14:29:43,394 tesis.SearchService random_samePivotes_4|secuential|27|8|3|55|0|55|22918Otras Escalas_Otras Marcas|AVION X TWIN RC F22 DE CONTROL REMOTO
18 jul 2019 14:29:43,420 tesis.SearchService random_samePivotes_4|using_index_rank|27|1|1|55|0|55|22918Otras Escalas_Otras Marcas|AVION X TWIN RC F22 DE CONTROL REMOTO
18 jul 2019 14:29:43,443 tesis.SearchService random_samePivotes_4|using_index_knn_radio|0|1|0|0|0|55|22918Otras Escalas_Otras Marcas|AVION X TWIN RC F22 DE CONTROL REMOTO
18 jul 2019 14:29:43,469 tesis.SearchService random_samePivotes_4|secuential|27|2|1|55|0|55|22918Otras Escalas_Otras Marcas|8 MINI AVIONES MILATES DE FIERRO MIDE 4 CMS EN 160 00 X TODO
18 jul 2019 14:29:43,498 tesis.SearchService random_samePivotes_4|using_index_rank|27|1|1|48|0|55|22918Otras Escalas_Otras Marcas|8 MINI AVIONES MILATES DE FIERRO MIDE 4 CMS EN 160 00 X TODO
18 jul 2019 14:29:43,524 tesis.SearchService random_samePivotes_4|using_index_knn_radio|0|0|0|0|0|55|22918Otras Escalas_Otras Marcas|8 MINI AVIONES MILATES DE FIERRO MIDE 4 CMS EN 160 00 X TODO
